The system is: Linux - 4.15.0-65-generic - x86_64
Compiling the C compiler identification source file "CMakeCCompilerId.c" succeeded.
Compiler: /usr/bin/cc 
Build flags: 
Id flags:  

The output was:
0


Compilation of the C compiler identification source "CMakeCCompilerId.c" produced "a.out"

The C compiler identification is GNU, found in "/home/e20180009306/Bureau/MasterImagina/IMAGINA_S3/Informatique_graphique/TP2/TP2_code/build/CMakeFiles/3.10.2/CompilerIdC/a.out"

Compiling the CXX compiler identification source file "CMakeCXXCompilerId.cpp" succeeded.
Compiler: /usr/bin/c++ 
Build flags: 
Id flags:  

The output was:
0


Compilation of the CXX compiler identification source "CMakeCXXCompilerId.cpp" produced "a.out"

The CXX compiler identification is GNU, found in "/home/e20180009306/Bureau/MasterImagina/IMAGINA_S3/Informatique_graphique/TP2/TP2_code/build/CMakeFiles/3.10.2/CompilerIdCXX/a.out"

Determining if the C compiler works passed with the following output:
Change Dir: /home/e20180009306/Bureau/MasterImagina/IMAGINA_S3/Informatique_graphique/TP2/TP2_code/build/CMakeFiles/CMakeTmp

Run Build Command:"/usr/bin/make" "cmTC_c8086/fast"
/usr/bin/make -f CMakeFiles/cmTC_c8086.dir/build.make CMakeFiles/cmTC_c8086.dir/build
make[1] : on entre dans le répertoire « /home/e20180009306/Bureau/MasterImagina/IMAGINA_S3/Informatique_graphique/TP2/TP2_code/build/CMakeFiles/CMakeTmp »
Building C object CMakeFiles/cmTC_c8086.dir/testCCompiler.c.o
/usr/bin/cc    -o CMakeFiles/cmTC_c8086.dir/testCCompiler.c.o   -c /home/e20180009306/Bureau/MasterImagina/IMAGINA_S3/Informatique_graphique/TP2/TP2_code/build/CMakeFiles/CMakeTmp/testCCompiler.c
Linking C executable cmTC_c8086
/usr/bin/cmake -E cmake_link_script CMakeFiles/cmTC_c8086.dir/link.txt --verbose=1
/usr/bin/cc      -rdynamic CMakeFiles/cmTC_c8086.dir/testCCompiler.c.o  -o cmTC_c8086 
make[1] : on quitte le répertoire « /home/e20180009306/Bureau/MasterImagina/IMAGINA_S3/Informatique_graphique/TP2/TP2_code/build/CMakeFiles/CMakeTmp »


Detecting C compiler ABI info compiled with the following output:
Change Dir: /home/e20180009306/Bureau/MasterImagina/IMAGINA_S3/Informatique_graphique/TP2/TP2_code/build/CMakeFiles/CMakeTmp

Run Build Command:"/usr/bin/make" "cmTC_ff335/fast"
/usr/bin/make -f CMakeFiles/cmTC_ff335.dir/build.make CMakeFiles/cmTC_ff335.dir/build
make[1] : on entre dans le répertoire « /home/e20180009306/Bureau/MasterImagina/IMAGINA_S3/Informatique_graphique/TP2/TP2_code/build/CMakeFiles/CMakeTmp »
Building C object CMakeFiles/cmTC_ff335.dir/CMakeCCompilerABI.c.o
/usr/bin/cc    -o CMakeFiles/cmTC_ff335.dir/CMakeCCompilerABI.c.o   -c /usr/share/cmake-3.10/Modules/CMakeCCompilerABI.c
Linking C executable cmTC_ff335
/usr/bin/cmake -E cmake_link_script CMakeFiles/cmTC_ff335.dir/link.txt --verbose=1
/usr/bin/cc     -v -rdynamic CMakeFiles/cmTC_ff335.dir/CMakeCCompilerABI.c.o  -o cmTC_ff335 
Using built-in specs.
COLLECT_GCC=/usr/bin/cc
COLLECT_LTO_WRAPPER=/usr/lib/gcc/x86_64-linux-gnu/7/lto-wrapper
OFFLOAD_TARGET_NAMES=nvptx-none
OFFLOAD_TARGET_DEFAULT=1
Target: x86_64-linux-gnu
Configured with: ../src/configure -v --with-pkgversion='Ubuntu 7.4.0-1ubuntu1~18.04.1' --with-bugurl=file:///usr/share/doc/gcc-7/README.Bugs --enable-languages=c,ada,c++,go,brig,d,fortran,objc,obj-c++ --prefix=/usr --with-gcc-major-version-only --program-suffix=-7 --program-prefix=x86_64-linux-gnu- --enable-shared --enable-linker-build-id --libexecdir=/usr/lib --without-included-gettext --enable-threads=posix --libdir=/usr/lib --enable-nls --with-sysroot=/ --enable-clocale=gnu --enable-libstdcxx-debug --enable-libstdcxx-time=yes --with-default-libstdcxx-abi=new --enable-gnu-unique-object --disable-vtable-verify --enable-libmpx --enable-plugin --enable-default-pie --with-system-zlib --with-target-system-zlib --enable-objc-gc=auto --enable-multiarch --disable-werror --with-arch-32=i686 --with-abi=m64 --with-multilib-list=m32,m64,mx32 --enable-multilib --with-tune=generic --enable-offload-targets=nvptx-none --without-cuda-driver --enable-checking=release --build=x86_64-linux-gnu --host=x86_64-linux-gnu --target=x86_64-linux-gnu
Thread model: posix
gcc version 7.4.0 (Ubuntu 7.4.0-1ubuntu1~18.04.1) 
COMPILER_PATH=/usr/lib/gcc/x86_64-linux-gnu/7/:/usr/lib/gcc/x86_64-linux-gnu/7/:/usr/lib/gcc/x86_64-linux-gnu/:/usr/lib/gcc/x86_64-linux-gnu/7/:/usr/lib/gcc/x86_64-linux-gnu/
LIBRARY_PATH=/usr/lib/gcc/x86_64-linux-gnu/7/:/usr/lib/gcc/x86_64-linux-gnu/7/../../../x86_64-linux-gnu/:/usr/lib/gcc/x86_64-linux-gnu/7/../../../../lib/:/lib/x86_64-linux-gnu/:/lib/../lib/:/usr/lib/x86_64-linux-gnu/:/usr/lib/../lib/:/usr/lib/gcc/x86_64-linux-gnu/7/../../../:/lib/:/usr/lib/
COLLECT_GCC_OPTIONS='-v' '-rdynamic' '-o' 'cmTC_ff335' '-mtune=generic' '-march=x86-64'
 /usr/lib/gcc/x86_64-linux-gnu/7/collect2 -plugin /usr/lib/gcc/x86_64-linux-gnu/7/liblto_plugin.so -plugin-opt=/usr/lib/gcc/x86_64-linux-gnu/7/lto-wrapper -plugin-opt=-fresolution=/tmp/ccr7tzov.res -plugin-opt=-pass-through=-lgcc -plugin-opt=-pass-through=-lgcc_s -plugin-opt=-pass-through=-lc -plugin-opt=-pass-through=-lgcc -plugin-opt=-pass-through=-lgcc_s --sysroot=/ --build-id --eh-frame-hdr -m elf_x86_64 --hash-style=gnu --as-needed -export-dynamic -dynamic-linker /lib64/ld-linux-x86-64.so.2 -pie -z now -z relro -o cmTC_ff335 /usr/lib/gcc/x86_64-linux-gnu/7/../../../x86_64-linux-gnu/Scrt1.o /usr/lib/gcc/x86_64-linux-gnu/7/../../../x86_64-linux-gnu/crti.o /usr/lib/gcc/x86_64-linux-gnu/7/crtbeginS.o -L/usr/lib/gcc/x86_64-linux-gnu/7 -L/usr/lib/gcc/x86_64-linux-gnu/7/../../../x86_64-linux-gnu -L/usr/lib/gcc/x86_64-linux-gnu/7/../../../../lib -L/lib/x86_64-linux-gnu -L/lib/../lib -L/usr/lib/x86_64-linux-gnu -L/usr/lib/../lib -L/usr/lib/gcc/x86_64-linux-gnu/7/../../.. CMakeFiles/cmTC_ff335.dir/CMakeCCompilerABI.c.o -lgcc --push-state --as-needed -lgcc_s --pop-state -lc -lgcc --push-state --as-needed -lgcc_s --pop-state /usr/lib/gcc/x86_64-linux-gnu/7/crtendS.o /usr/lib/gcc/x86_64-linux-gnu/7/../../../x86_64-linux-gnu/crtn.o
COLLECT_GCC_OPTIONS='-v' '-rdynamic' '-o' 'cmTC_ff335' '-mtune=generic' '-march=x86-64'
make[1] : on quitte le répertoire « /home/e20180009306/Bureau/MasterImagina/IMAGINA_S3/Informatique_graphique/TP2/TP2_code/build/CMakeFiles/CMakeTmp »


Parsed C implicit link information from above output:
  link line regex: [^( *|.*[/\])(ld|CMAKE_LINK_STARTFILE-NOTFOUND|([^/\]+-)?ld|collect2)[^/\]*( |$)]
  ignore line: [Change Dir: /home/e20180009306/Bureau/MasterImagina/IMAGINA_S3/Informatique_graphique/TP2/TP2_code/build/CMakeFiles/CMakeTmp]
  ignore line: []
  ignore line: [Run Build Command:"/usr/bin/make" "cmTC_ff335/fast"]
  ignore line: [/usr/bin/make -f CMakeFiles/cmTC_ff335.dir/build.make CMakeFiles/cmTC_ff335.dir/build]
  ignore line: [make[1] : on entre dans le répertoire « /home/e20180009306/Bureau/MasterImagina/IMAGINA_S3/Informatique_graphique/TP2/TP2_code/build/CMakeFiles/CMakeTmp »]
  ignore line: [Building C object CMakeFiles/cmTC_ff335.dir/CMakeCCompilerABI.c.o]
  ignore line: [/usr/bin/cc    -o CMakeFiles/cmTC_ff335.dir/CMakeCCompilerABI.c.o   -c /usr/share/cmake-3.10/Modules/CMakeCCompilerABI.c]
  ignore line: [Linking C executable cmTC_ff335]
  ignore line: [/usr/bin/cmake -E cmake_link_script CMakeFiles/cmTC_ff335.dir/link.txt --verbose=1]
  ignore line: [/usr/bin/cc     -v -rdynamic CMakeFiles/cmTC_ff335.dir/CMakeCCompilerABI.c.o  -o cmTC_ff335 ]
  ignore line: [Using built-in specs.]
  ignore line: [COLLECT_GCC=/usr/bin/cc]
  ignore line: [COLLECT_LTO_WRAPPER=/usr/lib/gcc/x86_64-linux-gnu/7/lto-wrapper]
  ignore line: [OFFLOAD_TARGET_NAMES=nvptx-none]
  ignore line: [OFFLOAD_TARGET_DEFAULT=1]
  ignore line: [Target: x86_64-linux-gnu]
  ignore line: [Configured with: ../src/configure -v --with-pkgversion='Ubuntu 7.4.0-1ubuntu1~18.04.1' --with-bugurl=file:///usr/share/doc/gcc-7/README.Bugs --enable-languages=c,ada,c++,go,brig,d,fortran,objc,obj-c++ --prefix=/usr --with-gcc-major-version-only --program-suffix=-7 --program-prefix=x86_64-linux-gnu- --enable-shared --enable-linker-build-id --libexecdir=/usr/lib --without-included-gettext --enable-threads=posix --libdir=/usr/lib --enable-nls --with-sysroot=/ --enable-clocale=gnu --enable-libstdcxx-debug --enable-libstdcxx-time=yes --with-default-libstdcxx-abi=new --enable-gnu-unique-object --disable-vtable-verify --enable-libmpx --enable-plugin --enable-default-pie --with-system-zlib --with-target-system-zlib --enable-objc-gc=auto --enable-multiarch --disable-werror --with-arch-32=i686 --with-abi=m64 --with-multilib-list=m32,m64,mx32 --enable-multilib --with-tune=generic --enable-offload-targets=nvptx-none --without-cuda-driver --enable-checking=release --build=x86_64-linux-gnu --host=x86_64-linux-gnu --target=x86_64-linux-gnu]
  ignore line: [Thread model: posix]
  ignore line: [gcc version 7.4.0 (Ubuntu 7.4.0-1ubuntu1~18.04.1) ]
  ignore line: [COMPILER_PATH=/usr/lib/gcc/x86_64-linux-gnu/7/:/usr/lib/gcc/x86_64-linux-gnu/7/:/usr/lib/gcc/x86_64-linux-gnu/:/usr/lib/gcc/x86_64-linux-gnu/7/:/usr/lib/gcc/x86_64-linux-gnu/]
  ignore line: [LIBRARY_PATH=/usr/lib/gcc/x86_64-linux-gnu/7/:/usr/lib/gcc/x86_64-linux-gnu/7/../../../x86_64-linux-gnu/:/usr/lib/gcc/x86_64-linux-gnu/7/../../../../lib/:/lib/x86_64-linux-gnu/:/lib/../lib/:/usr/lib/x86_64-linux-gnu/:/usr/lib/../lib/:/usr/lib/gcc/x86_64-linux-gnu/7/../../../:/lib/:/usr/lib/]
  ignore line: [COLLECT_GCC_OPTIONS='-v' '-rdynamic' '-o' 'cmTC_ff335' '-mtune=generic' '-march=x86-64']
  link line: [ /usr/lib/gcc/x86_64-linux-gnu/7/collect2 -plugin /usr/lib/gcc/x86_64-linux-gnu/7/liblto_plugin.so -plugin-opt=/usr/lib/gcc/x86_64-linux-gnu/7/lto-wrapper -plugin-opt=-fresolution=/tmp/ccr7tzov.res -plugin-opt=-pass-through=-lgcc -plugin-opt=-pass-through=-lgcc_s -plugin-opt=-pass-through=-lc -plugin-opt=-pass-through=-lgcc -plugin-opt=-pass-through=-lgcc_s --sysroot=/ --build-id --eh-frame-hdr -m elf_x86_64 --hash-style=gnu --as-needed -export-dynamic -dynamic-linker /lib64/ld-linux-x86-64.so.2 -pie -z now -z relro -o cmTC_ff335 /usr/lib/gcc/x86_64-linux-gnu/7/../../../x86_64-linux-gnu/Scrt1.o /usr/lib/gcc/x86_64-linux-gnu/7/../../../x86_64-linux-gnu/crti.o /usr/lib/gcc/x86_64-linux-gnu/7/crtbeginS.o -L/usr/lib/gcc/x86_64-linux-gnu/7 -L/usr/lib/gcc/x86_64-linux-gnu/7/../../../x86_64-linux-gnu -L/usr/lib/gcc/x86_64-linux-gnu/7/../../../../lib -L/lib/x86_64-linux-gnu -L/lib/../lib -L/usr/lib/x86_64-linux-gnu -L/usr/lib/../lib -L/usr/lib/gcc/x86_64-linux-gnu/7/../../.. CMakeFiles/cmTC_ff335.dir/CMakeCCompilerABI.c.o -lgcc --push-state --as-needed -lgcc_s --pop-state -lc -lgcc --push-state --as-needed -lgcc_s --pop-state /usr/lib/gcc/x86_64-linux-gnu/7/crtendS.o /usr/lib/gcc/x86_64-linux-gnu/7/../../../x86_64-linux-gnu/crtn.o]
    arg [/usr/lib/gcc/x86_64-linux-gnu/7/collect2] ==> ignore
    arg [-plugin] ==> ignore
    arg [/usr/lib/gcc/x86_64-linux-gnu/7/liblto_plugin.so] ==> ignore
    arg [-plugin-opt=/usr/lib/gcc/x86_64-linux-gnu/7/lto-wrapper] ==> ignore
    arg [-plugin-opt=-fresolution=/tmp/ccr7tzov.res] ==> ignore
    arg [-plugin-opt=-pass-through=-lgcc] ==> ignore
    arg [-plugin-opt=-pass-through=-lgcc_s] ==> ignore
    arg [-plugin-opt=-pass-through=-lc] ==> ignore
    arg [-plugin-opt=-pass-through=-lgcc] ==> ignore
    arg [-plugin-opt=-pass-through=-lgcc_s] ==> ignore
    arg [--sysroot=/] ==> ignore
    arg [--build-id] ==> ignore
    arg [--eh-frame-hdr] ==> ignore
    arg [-m] ==> ignore
    arg [elf_x86_64] ==> ignore
    arg [--hash-style=gnu] ==> ignore
    arg [--as-needed] ==> ignore
    arg [-export-dynamic] ==> ignore
    arg [-dynamic-linker] ==> ignore
    arg [/lib64/ld-linux-x86-64.so.2] ==> ignore
    arg [-pie] ==> ignore
    arg [-znow] ==> ignore
    arg [-zrelro] ==> ignore
    arg [-o] ==> ignore
    arg [cmTC_ff335] ==> ignore
    arg [/usr/lib/gcc/x86_64-linux-gnu/7/../../../x86_64-linux-gnu/Scrt1.o] ==> ignore
    arg [/usr/lib/gcc/x86_64-linux-gnu/7/../../../x86_64-linux-gnu/crti.o] ==> ignore
    arg [/usr/lib/gcc/x86_64-linux-gnu/7/crtbeginS.o] ==> ignore
    arg [-L/usr/lib/gcc/x86_64-linux-gnu/7] ==> dir [/usr/lib/gcc/x86_64-linux-gnu/7]
    arg [-L/usr/lib/gcc/x86_64-linux-gnu/7/../../../x86_64-linux-gnu] ==> dir [/usr/lib/gcc/x86_64-linux-gnu/7/../../../x86_64-linux-gnu]
    arg [-L/usr/lib/gcc/x86_64-linux-gnu/7/../../../../lib] ==> dir [/usr/lib/gcc/x86_64-linux-gnu/7/../../../../lib]
    arg [-L/lib/x86_64-linux-gnu] ==> dir [/lib/x86_64-linux-gnu]
    arg [-L/lib/../lib] ==> dir [/lib/../lib]
    arg [-L/usr/lib/x86_64-linux-gnu] ==> dir [/usr/lib/x86_64-linux-gnu]
    arg [-L/usr/lib/../lib] ==> dir [/usr/lib/../lib]
    arg [-L/usr/lib/gcc/x86_64-linux-gnu/7/../../..] ==> dir [/usr/lib/gcc/x86_64-linux-gnu/7/../../..]
    arg [CMakeFiles/cmTC_ff335.dir/CMakeCCompilerABI.c.o] ==> ignore
    arg [-lgcc] ==> lib [gcc]
    arg [--push-state] ==> ignore
    arg [--as-needed] ==> ignore
    arg [-lgcc_s] ==> lib [gcc_s]
    arg [--pop-state] ==> ignore
    arg [-lc] ==> lib [c]
    arg [-lgcc] ==> lib [gcc]
    arg [--push-state] ==> ignore
    arg [--as-needed] ==> ignore
    arg [-lgcc_s] ==> lib [gcc_s]
    arg [--pop-state] ==> ignore
    arg [/usr/lib/gcc/x86_64-linux-gnu/7/crtendS.o] ==> ignore
    arg [/usr/lib/gcc/x86_64-linux-gnu/7/../../../x86_64-linux-gnu/crtn.o] ==> ignore
  collapse library dir [/usr/lib/gcc/x86_64-linux-gnu/7] ==> [/usr/lib/gcc/x86_64-linux-gnu/7]
  collapse library dir [/usr/lib/gcc/x86_64-linux-gnu/7/../../../x86_64-linux-gnu] ==> [/usr/lib/x86_64-linux-gnu]
  collapse library dir [/usr/lib/gcc/x86_64-linux-gnu/7/../../../../lib] ==> [/usr/lib]
  collapse library dir [/lib/x86_64-linux-gnu] ==> [/lib/x86_64-linux-gnu]
  collapse library dir [/lib/../lib] ==> [/lib]
  collapse library dir [/usr/lib/x86_64-linux-gnu] ==> [/usr/lib/x86_64-linux-gnu]
  collapse library dir [/usr/lib/../lib] ==> [/usr/lib]
  collapse library dir [/usr/lib/gcc/x86_64-linux-gnu/7/../../..] ==> [/usr/lib]
  implicit libs: [gcc;gcc_s;c;gcc;gcc_s]
  implicit dirs: [/usr/lib/gcc/x86_64-linux-gnu/7;/usr/lib/x86_64-linux-gnu;/usr/lib;/lib/x86_64-linux-gnu;/lib]
  implicit fwks: []




Detecting C [-std=c11] compiler features compiled with the following output:
Change Dir: /home/e20180009306/Bureau/MasterImagina/IMAGINA_S3/Informatique_graphique/TP2/TP2_code/build/CMakeFiles/CMakeTmp

Run Build Command:"/usr/bin/make" "cmTC_a107b/fast"
/usr/bin/make -f CMakeFiles/cmTC_a107b.dir/build.make CMakeFiles/cmTC_a107b.dir/build
make[1] : on entre dans le répertoire « /home/e20180009306/Bureau/MasterImagina/IMAGINA_S3/Informatique_graphique/TP2/TP2_code/build/CMakeFiles/CMakeTmp »
Building C object CMakeFiles/cmTC_a107b.dir/feature_tests.c.o
/usr/bin/cc   -std=c11 -o CMakeFiles/cmTC_a107b.dir/feature_tests.c.o   -c /home/e20180009306/Bureau/MasterImagina/IMAGINA_S3/Informatique_graphique/TP2/TP2_code/build/CMakeFiles/feature_tests.c
Linking C executable cmTC_a107b
/usr/bin/cmake -E cmake_link_script CMakeFiles/cmTC_a107b.dir/link.txt --verbose=1
/usr/bin/cc      -rdynamic CMakeFiles/cmTC_a107b.dir/feature_tests.c.o  -o cmTC_a107b 
make[1] : on quitte le répertoire « /home/e20180009306/Bureau/MasterImagina/IMAGINA_S3/Informatique_graphique/TP2/TP2_code/build/CMakeFiles/CMakeTmp »


    Feature record: C_FEATURE:1c_function_prototypes
    Feature record: C_FEATURE:1c_restrict
    Feature record: C_FEATURE:1c_static_assert
    Feature record: C_FEATURE:1c_variadic_macros


Detecting C [-std=c99] compiler features compiled with the following output:
Change Dir: /home/e20180009306/Bureau/MasterImagina/IMAGINA_S3/Informatique_graphique/TP2/TP2_code/build/CMakeFiles/CMakeTmp

Run Build Command:"/usr/bin/make" "cmTC_62831/fast"
/usr/bin/make -f CMakeFiles/cmTC_62831.dir/build.make CMakeFiles/cmTC_62831.dir/build
make[1] : on entre dans le répertoire « /home/e20180009306/Bureau/MasterImagina/IMAGINA_S3/Informatique_graphique/TP2/TP2_code/build/CMakeFiles/CMakeTmp »
Building C object CMakeFiles/cmTC_62831.dir/feature_tests.c.o
/usr/bin/cc   -std=c99 -o CMakeFiles/cmTC_62831.dir/feature_tests.c.o   -c /home/e20180009306/Bureau/MasterImagina/IMAGINA_S3/Informatique_graphique/TP2/TP2_code/build/CMakeFiles/feature_tests.c
Linking C executable cmTC_62831
/usr/bin/cmake -E cmake_link_script CMakeFiles/cmTC_62831.dir/link.txt --verbose=1
/usr/bin/cc      -rdynamic CMakeFiles/cmTC_62831.dir/feature_tests.c.o  -o cmTC_62831 
make[1] : on quitte le répertoire « /home/e20180009306/Bureau/MasterImagina/IMAGINA_S3/Informatique_graphique/TP2/TP2_code/build/CMakeFiles/CMakeTmp »


    Feature record: C_FEATURE:1c_function_prototypes
    Feature record: C_FEATURE:1c_restrict
    Feature record: C_FEATURE:0c_static_assert
    Feature record: C_FEATURE:1c_variadic_macros


Detecting C [-std=c90] compiler features compiled with the following output:
Change Dir: /home/e20180009306/Bureau/MasterImagina/IMAGINA_S3/Informatique_graphique/TP2/TP2_code/build/CMakeFiles/CMakeTmp

Run Build Command:"/usr/bin/make" "cmTC_52c14/fast"
/usr/bin/make -f CMakeFiles/cmTC_52c14.dir/build.make CMakeFiles/cmTC_52c14.dir/build
make[1] : on entre dans le répertoire « /home/e20180009306/Bureau/MasterImagina/IMAGINA_S3/Informatique_graphique/TP2/TP2_code/build/CMakeFiles/CMakeTmp »
Building C object CMakeFiles/cmTC_52c14.dir/feature_tests.c.o
/usr/bin/cc   -std=c90 -o CMakeFiles/cmTC_52c14.dir/feature_tests.c.o   -c /home/e20180009306/Bureau/MasterImagina/IMAGINA_S3/Informatique_graphique/TP2/TP2_code/build/CMakeFiles/feature_tests.c
Linking C executable cmTC_52c14
/usr/bin/cmake -E cmake_link_script CMakeFiles/cmTC_52c14.dir/link.txt --verbose=1
/usr/bin/cc      -rdynamic CMakeFiles/cmTC_52c14.dir/feature_tests.c.o  -o cmTC_52c14 
make[1] : on quitte le répertoire « /home/e20180009306/Bureau/MasterImagina/IMAGINA_S3/Informatique_graphique/TP2/TP2_code/build/CMakeFiles/CMakeTmp »


    Feature record: C_FEATURE:1c_function_prototypes
    Feature record: C_FEATURE:0c_restrict
    Feature record: C_FEATURE:0c_static_assert
    Feature record: C_FEATURE:0c_variadic_macros
Determining if the CXX compiler works passed with the following output:
Change Dir: /home/e20180009306/Bureau/MasterImagina/IMAGINA_S3/Informatique_graphique/TP2/TP2_code/build/CMakeFiles/CMakeTmp

Run Build Command:"/usr/bin/make" "cmTC_f4252/fast"
/usr/bin/make -f CMakeFiles/cmTC_f4252.dir/build.make CMakeFiles/cmTC_f4252.dir/build
make[1] : on entre dans le répertoire « /home/e20180009306/Bureau/MasterImagina/IMAGINA_S3/Informatique_graphique/TP2/TP2_code/build/CMakeFiles/CMakeTmp »
Building CXX object CMakeFiles/cmTC_f4252.dir/testCXXCompiler.cxx.o
/usr/bin/c++     -o CMakeFiles/cmTC_f4252.dir/testCXXCompiler.cxx.o -c /home/e20180009306/Bureau/MasterImagina/IMAGINA_S3/Informatique_graphique/TP2/TP2_code/build/CMakeFiles/CMakeTmp/testCXXCompiler.cxx
Linking CXX executable cmTC_f4252
/usr/bin/cmake -E cmake_link_script CMakeFiles/cmTC_f4252.dir/link.txt --verbose=1
/usr/bin/c++       -rdynamic CMakeFiles/cmTC_f4252.dir/testCXXCompiler.cxx.o  -o cmTC_f4252 
make[1] : on quitte le répertoire « /home/e20180009306/Bureau/MasterImagina/IMAGINA_S3/Informatique_graphique/TP2/TP2_code/build/CMakeFiles/CMakeTmp »


Detecting CXX compiler ABI info compiled with the following output:
Change Dir: /home/e20180009306/Bureau/MasterImagina/IMAGINA_S3/Informatique_graphique/TP2/TP2_code/build/CMakeFiles/CMakeTmp

Run Build Command:"/usr/bin/make" "cmTC_dec81/fast"
/usr/bin/make -f CMakeFiles/cmTC_dec81.dir/build.make CMakeFiles/cmTC_dec81.dir/build
make[1] : on entre dans le répertoire « /home/e20180009306/Bureau/MasterImagina/IMAGINA_S3/Informatique_graphique/TP2/TP2_code/build/CMakeFiles/CMakeTmp »
Building CXX object CMakeFiles/cmTC_dec81.dir/CMakeCXXCompilerABI.cpp.o
/usr/bin/c++     -o CMakeFiles/cmTC_dec81.dir/CMakeCXXCompilerABI.cpp.o -c /usr/share/cmake-3.10/Modules/CMakeCXXCompilerABI.cpp
Linking CXX executable cmTC_dec81
/usr/bin/cmake -E cmake_link_script CMakeFiles/cmTC_dec81.dir/link.txt --verbose=1
/usr/bin/c++      -v -rdynamic CMakeFiles/cmTC_dec81.dir/CMakeCXXCompilerABI.cpp.o  -o cmTC_dec81 
Using built-in specs.
COLLECT_GCC=/usr/bin/c++
COLLECT_LTO_WRAPPER=/usr/lib/gcc/x86_64-linux-gnu/7/lto-wrapper
OFFLOAD_TARGET_NAMES=nvptx-none
OFFLOAD_TARGET_DEFAULT=1
Target: x86_64-linux-gnu
Configured with: ../src/configure -v --with-pkgversion='Ubuntu 7.4.0-1ubuntu1~18.04.1' --with-bugurl=file:///usr/share/doc/gcc-7/README.Bugs --enable-languages=c,ada,c++,go,brig,d,fortran,objc,obj-c++ --prefix=/usr --with-gcc-major-version-only --program-suffix=-7 --program-prefix=x86_64-linux-gnu- --enable-shared --enable-linker-build-id --libexecdir=/usr/lib --without-included-gettext --enable-threads=posix --libdir=/usr/lib --enable-nls --with-sysroot=/ --enable-clocale=gnu --enable-libstdcxx-debug --enable-libstdcxx-time=yes --with-default-libstdcxx-abi=new --enable-gnu-unique-object --disable-vtable-verify --enable-libmpx --enable-plugin --enable-default-pie --with-system-zlib --with-target-system-zlib --enable-objc-gc=auto --enable-multiarch --disable-werror --with-arch-32=i686 --with-abi=m64 --with-multilib-list=m32,m64,mx32 --enable-multilib --with-tune=generic --enable-offload-targets=nvptx-none --without-cuda-driver --enable-checking=release --build=x86_64-linux-gnu --host=x86_64-linux-gnu --target=x86_64-linux-gnu
Thread model: posix
gcc version 7.4.0 (Ubuntu 7.4.0-1ubuntu1~18.04.1) 
COMPILER_PATH=/usr/lib/gcc/x86_64-linux-gnu/7/:/usr/lib/gcc/x86_64-linux-gnu/7/:/usr/lib/gcc/x86_64-linux-gnu/:/usr/lib/gcc/x86_64-linux-gnu/7/:/usr/lib/gcc/x86_64-linux-gnu/
LIBRARY_PATH=/usr/lib/gcc/x86_64-linux-gnu/7/:/usr/lib/gcc/x86_64-linux-gnu/7/../../../x86_64-linux-gnu/:/usr/lib/gcc/x86_64-linux-gnu/7/../../../../lib/:/lib/x86_64-linux-gnu/:/lib/../lib/:/usr/lib/x86_64-linux-gnu/:/usr/lib/../lib/:/usr/lib/gcc/x86_64-linux-gnu/7/../../../:/lib/:/usr/lib/
COLLECT_GCC_OPTIONS='-v' '-rdynamic' '-o' 'cmTC_dec81' '-shared-libgcc' '-mtune=generic' '-march=x86-64'
 /usr/lib/gcc/x86_64-linux-gnu/7/collect2 -plugin /usr/lib/gcc/x86_64-linux-gnu/7/liblto_plugin.so -plugin-opt=/usr/lib/gcc/x86_64-linux-gnu/7/lto-wrapper -plugin-opt=-fresolution=/tmp/ccdkMqho.res -plugin-opt=-pass-through=-lgcc_s -plugin-opt=-pass-through=-lgcc -plugin-opt=-pass-through=-lc -plugin-opt=-pass-through=-lgcc_s -plugin-opt=-pass-through=-lgcc --sysroot=/ --build-id --eh-frame-hdr -m elf_x86_64 --hash-style=gnu --as-needed -export-dynamic -dynamic-linker /lib64/ld-linux-x86-64.so.2 -pie -z now -z relro -o cmTC_dec81 /usr/lib/gcc/x86_64-linux-gnu/7/../../../x86_64-linux-gnu/Scrt1.o /usr/lib/gcc/x86_64-linux-gnu/7/../../../x86_64-linux-gnu/crti.o /usr/lib/gcc/x86_64-linux-gnu/7/crtbeginS.o -L/usr/lib/gcc/x86_64-linux-gnu/7 -L/usr/lib/gcc/x86_64-linux-gnu/7/../../../x86_64-linux-gnu -L/usr/lib/gcc/x86_64-linux-gnu/7/../../../../lib -L/lib/x86_64-linux-gnu -L/lib/../lib -L/usr/lib/x86_64-linux-gnu -L/usr/lib/../lib -L/usr/lib/gcc/x86_64-linux-gnu/7/../../.. CMakeFiles/cmTC_dec81.dir/CMakeCXXCompilerABI.cpp.o -lstdc++ -lm -lgcc_s -lgcc -lc -lgcc_s -lgcc /usr/lib/gcc/x86_64-linux-gnu/7/crtendS.o /usr/lib/gcc/x86_64-linux-gnu/7/../../../x86_64-linux-gnu/crtn.o
COLLECT_GCC_OPTIONS='-v' '-rdynamic' '-o' 'cmTC_dec81' '-shared-libgcc' '-mtune=generic' '-march=x86-64'
make[1] : on quitte le répertoire « /home/e20180009306/Bureau/MasterImagina/IMAGINA_S3/Informatique_graphique/TP2/TP2_code/build/CMakeFiles/CMakeTmp »


Parsed CXX implicit link information from above output:
  link line regex: [^( *|.*[/\])(ld|CMAKE_LINK_STARTFILE-NOTFOUND|([^/\]+-)?ld|collect2)[^/\]*( |$)]
  ignore line: [Change Dir: /home/e20180009306/Bureau/MasterImagina/IMAGINA_S3/Informatique_graphique/TP2/TP2_code/build/CMakeFiles/CMakeTmp]
  ignore line: []
  ignore line: [Run Build Command:"/usr/bin/make" "cmTC_dec81/fast"]
  ignore line: [/usr/bin/make -f CMakeFiles/cmTC_dec81.dir/build.make CMakeFiles/cmTC_dec81.dir/build]
  ignore line: [make[1] : on entre dans le répertoire « /home/e20180009306/Bureau/MasterImagina/IMAGINA_S3/Informatique_graphique/TP2/TP2_code/build/CMakeFiles/CMakeTmp »]
  ignore line: [Building CXX object CMakeFiles/cmTC_dec81.dir/CMakeCXXCompilerABI.cpp.o]
  ignore line: [/usr/bin/c++     -o CMakeFiles/cmTC_dec81.dir/CMakeCXXCompilerABI.cpp.o -c /usr/share/cmake-3.10/Modules/CMakeCXXCompilerABI.cpp]
  ignore line: [Linking CXX executable cmTC_dec81]
  ignore line: [/usr/bin/cmake -E cmake_link_script CMakeFiles/cmTC_dec81.dir/link.txt --verbose=1]
  ignore line: [/usr/bin/c++      -v -rdynamic CMakeFiles/cmTC_dec81.dir/CMakeCXXCompilerABI.cpp.o  -o cmTC_dec81 ]
  ignore line: [Using built-in specs.]
  ignore line: [COLLECT_GCC=/usr/bin/c++]
  ignore line: [COLLECT_LTO_WRAPPER=/usr/lib/gcc/x86_64-linux-gnu/7/lto-wrapper]
  ignore line: [OFFLOAD_TARGET_NAMES=nvptx-none]
  ignore line: [OFFLOAD_TARGET_DEFAULT=1]
  ignore line: [Target: x86_64-linux-gnu]
  ignore line: [Configured with: ../src/configure -v --with-pkgversion='Ubuntu 7.4.0-1ubuntu1~18.04.1' --with-bugurl=file:///usr/share/doc/gcc-7/README.Bugs --enable-languages=c,ada,c++,go,brig,d,fortran,objc,obj-c++ --prefix=/usr --with-gcc-major-version-only --program-suffix=-7 --program-prefix=x86_64-linux-gnu- --enable-shared --enable-linker-build-id --libexecdir=/usr/lib --without-included-gettext --enable-threads=posix --libdir=/usr/lib --enable-nls --with-sysroot=/ --enable-clocale=gnu --enable-libstdcxx-debug --enable-libstdcxx-time=yes --with-default-libstdcxx-abi=new --enable-gnu-unique-object --disable-vtable-verify --enable-libmpx --enable-plugin --enable-default-pie --with-system-zlib --with-target-system-zlib --enable-objc-gc=auto --enable-multiarch --disable-werror --with-arch-32=i686 --with-abi=m64 --with-multilib-list=m32,m64,mx32 --enable-multilib --with-tune=generic --enable-offload-targets=nvptx-none --without-cuda-driver --enable-checking=release --build=x86_64-linux-gnu --host=x86_64-linux-gnu --target=x86_64-linux-gnu]
  ignore line: [Thread model: posix]
  ignore line: [gcc version 7.4.0 (Ubuntu 7.4.0-1ubuntu1~18.04.1) ]
  ignore line: [COMPILER_PATH=/usr/lib/gcc/x86_64-linux-gnu/7/:/usr/lib/gcc/x86_64-linux-gnu/7/:/usr/lib/gcc/x86_64-linux-gnu/:/usr/lib/gcc/x86_64-linux-gnu/7/:/usr/lib/gcc/x86_64-linux-gnu/]
  ignore line: [LIBRARY_PATH=/usr/lib/gcc/x86_64-linux-gnu/7/:/usr/lib/gcc/x86_64-linux-gnu/7/../../../x86_64-linux-gnu/:/usr/lib/gcc/x86_64-linux-gnu/7/../../../../lib/:/lib/x86_64-linux-gnu/:/lib/../lib/:/usr/lib/x86_64-linux-gnu/:/usr/lib/../lib/:/usr/lib/gcc/x86_64-linux-gnu/7/../../../:/lib/:/usr/lib/]
  ignore line: [COLLECT_GCC_OPTIONS='-v' '-rdynamic' '-o' 'cmTC_dec81' '-shared-libgcc' '-mtune=generic' '-march=x86-64']
  link line: [ /usr/lib/gcc/x86_64-linux-gnu/7/collect2 -plugin /usr/lib/gcc/x86_64-linux-gnu/7/liblto_plugin.so -plugin-opt=/usr/lib/gcc/x86_64-linux-gnu/7/lto-wrapper -plugin-opt=-fresolution=/tmp/ccdkMqho.res -plugin-opt=-pass-through=-lgcc_s -plugin-opt=-pass-through=-lgcc -plugin-opt=-pass-through=-lc -plugin-opt=-pass-through=-lgcc_s -plugin-opt=-pass-through=-lgcc --sysroot=/ --build-id --eh-frame-hdr -m elf_x86_64 --hash-style=gnu --as-needed -export-dynamic -dynamic-linker /lib64/ld-linux-x86-64.so.2 -pie -z now -z relro -o cmTC_dec81 /usr/lib/gcc/x86_64-linux-gnu/7/../../../x86_64-linux-gnu/Scrt1.o /usr/lib/gcc/x86_64-linux-gnu/7/../../../x86_64-linux-gnu/crti.o /usr/lib/gcc/x86_64-linux-gnu/7/crtbeginS.o -L/usr/lib/gcc/x86_64-linux-gnu/7 -L/usr/lib/gcc/x86_64-linux-gnu/7/../../../x86_64-linux-gnu -L/usr/lib/gcc/x86_64-linux-gnu/7/../../../../lib -L/lib/x86_64-linux-gnu -L/lib/../lib -L/usr/lib/x86_64-linux-gnu -L/usr/lib/../lib -L/usr/lib/gcc/x86_64-linux-gnu/7/../../.. CMakeFiles/cmTC_dec81.dir/CMakeCXXCompilerABI.cpp.o -lstdc++ -lm -lgcc_s -lgcc -lc -lgcc_s -lgcc /usr/lib/gcc/x86_64-linux-gnu/7/crtendS.o /usr/lib/gcc/x86_64-linux-gnu/7/../../../x86_64-linux-gnu/crtn.o]
    arg [/usr/lib/gcc/x86_64-linux-gnu/7/collect2] ==> ignore
    arg [-plugin] ==> ignore
    arg [/usr/lib/gcc/x86_64-linux-gnu/7/liblto_plugin.so] ==> ignore
    arg [-plugin-opt=/usr/lib/gcc/x86_64-linux-gnu/7/lto-wrapper] ==> ignore
    arg [-plugin-opt=-fresolution=/tmp/ccdkMqho.res] ==> ignore
    arg [-plugin-opt=-pass-through=-lgcc_s] ==> ignore
    arg [-plugin-opt=-pass-through=-lgcc] ==> ignore
    arg [-plugin-opt=-pass-through=-lc] ==> ignore
    arg [-plugin-opt=-pass-through=-lgcc_s] ==> ignore
    arg [-plugin-opt=-pass-through=-lgcc] ==> ignore
    arg [--sysroot=/] ==> ignore
    arg [--build-id] ==> ignore
    arg [--eh-frame-hdr] ==> ignore
    arg [-m] ==> ignore
    arg [elf_x86_64] ==> ignore
    arg [--hash-style=gnu] ==> ignore
    arg [--as-needed] ==> ignore
    arg [-export-dynamic] ==> ignore
    arg [-dynamic-linker] ==> ignore
    arg [/lib64/ld-linux-x86-64.so.2] ==> ignore
    arg [-pie] ==> ignore
    arg [-znow] ==> ignore
    arg [-zrelro] ==> ignore
    arg [-o] ==> ignore
    arg [cmTC_dec81] ==> ignore
    arg [/usr/lib/gcc/x86_64-linux-gnu/7/../../../x86_64-linux-gnu/Scrt1.o] ==> ignore
    arg [/usr/lib/gcc/x86_64-linux-gnu/7/../../../x86_64-linux-gnu/crti.o] ==> ignore
    arg [/usr/lib/gcc/x86_64-linux-gnu/7/crtbeginS.o] ==> ignore
    arg [-L/usr/lib/gcc/x86_64-linux-gnu/7] ==> dir [/usr/lib/gcc/x86_64-linux-gnu/7]
    arg [-L/usr/lib/gcc/x86_64-linux-gnu/7/../../../x86_64-linux-gnu] ==> dir [/usr/lib/gcc/x86_64-linux-gnu/7/../../../x86_64-linux-gnu]
    arg [-L/usr/lib/gcc/x86_64-linux-gnu/7/../../../../lib] ==> dir [/usr/lib/gcc/x86_64-linux-gnu/7/../../../../lib]
    arg [-L/lib/x86_64-linux-gnu] ==> dir [/lib/x86_64-linux-gnu]
    arg [-L/lib/../lib] ==> dir [/lib/../lib]
    arg [-L/usr/lib/x86_64-linux-gnu] ==> dir [/usr/lib/x86_64-linux-gnu]
    arg [-L/usr/lib/../lib] ==> dir [/usr/lib/../lib]
    arg [-L/usr/lib/gcc/x86_64-linux-gnu/7/../../..] ==> dir [/usr/lib/gcc/x86_64-linux-gnu/7/../../..]
    arg [CMakeFiles/cmTC_dec81.dir/CMakeCXXCompilerABI.cpp.o] ==> ignore
    arg [-lstdc++] ==> lib [stdc++]
    arg [-lm] ==> lib [m]
    arg [-lgcc_s] ==> lib [gcc_s]
    arg [-lgcc] ==> lib [gcc]
    arg [-lc] ==> lib [c]
    arg [-lgcc_s] ==> lib [gcc_s]
    arg [-lgcc] ==> lib [gcc]
    arg [/usr/lib/gcc/x86_64-linux-gnu/7/crtendS.o] ==> ignore
    arg [/usr/lib/gcc/x86_64-linux-gnu/7/../../../x86_64-linux-gnu/crtn.o] ==> ignore
  collapse library dir [/usr/lib/gcc/x86_64-linux-gnu/7] ==> [/usr/lib/gcc/x86_64-linux-gnu/7]
  collapse library dir [/usr/lib/gcc/x86_64-linux-gnu/7/../../../x86_64-linux-gnu] ==> [/usr/lib/x86_64-linux-gnu]
  collapse library dir [/usr/lib/gcc/x86_64-linux-gnu/7/../../../../lib] ==> [/usr/lib]
  collapse library dir [/lib/x86_64-linux-gnu] ==> [/lib/x86_64-linux-gnu]
  collapse library dir [/lib/../lib] ==> [/lib]
  collapse library dir [/usr/lib/x86_64-linux-gnu] ==> [/usr/lib/x86_64-linux-gnu]
  collapse library dir [/usr/lib/../lib] ==> [/usr/lib]
  collapse library dir [/usr/lib/gcc/x86_64-linux-gnu/7/../../..] ==> [/usr/lib]
  implicit libs: [stdc++;m;gcc_s;gcc;c;gcc_s;gcc]
  implicit dirs: [/usr/lib/gcc/x86_64-linux-gnu/7;/usr/lib/x86_64-linux-gnu;/usr/lib;/lib/x86_64-linux-gnu;/lib]
  implicit fwks: []




Detecting CXX [-std=c++1z] compiler features compiled with the following output:
Change Dir: /home/e20180009306/Bureau/MasterImagina/IMAGINA_S3/Informatique_graphique/TP2/TP2_code/build/CMakeFiles/CMakeTmp

Run Build Command:"/usr/bin/make" "cmTC_06a6d/fast"
/usr/bin/make -f CMakeFiles/cmTC_06a6d.dir/build.make CMakeFiles/cmTC_06a6d.dir/build
make[1] : on entre dans le répertoire « /home/e20180009306/Bureau/MasterImagina/IMAGINA_S3/Informatique_graphique/TP2/TP2_code/build/CMakeFiles/CMakeTmp »
Building CXX object CMakeFiles/cmTC_06a6d.dir/feature_tests.cxx.o
/usr/bin/c++    -std=c++1z -o CMakeFiles/cmTC_06a6d.dir/feature_tests.cxx.o -c /home/e20180009306/Bureau/MasterImagina/IMAGINA_S3/Informatique_graphique/TP2/TP2_code/build/CMakeFiles/feature_tests.cxx
Linking CXX executable cmTC_06a6d
/usr/bin/cmake -E cmake_link_script CMakeFiles/cmTC_06a6d.dir/link.txt --verbose=1
/usr/bin/c++       -rdynamic CMakeFiles/cmTC_06a6d.dir/feature_tests.cxx.o  -o cmTC_06a6d 
make[1] : on quitte le répertoire « /home/e20180009306/Bureau/MasterImagina/IMAGINA_S3/Informatique_graphique/TP2/TP2_code/build/CMakeFiles/CMakeTmp »


    Feature record: CXX_FEATURE:1cxx_aggregate_default_initializers
    Feature record: CXX_FEATURE:1cxx_alias_templates
    Feature record: CXX_FEATURE:1cxx_alignas
    Feature record: CXX_FEATURE:1cxx_alignof
    Feature record: CXX_FEATURE:1cxx_attributes
    Feature record: CXX_FEATURE:1cxx_attribute_deprecated
    Feature record: CXX_FEATURE:1cxx_auto_type
    Feature record: CXX_FEATURE:1cxx_binary_literals
    Feature record: CXX_FEATURE:1cxx_constexpr
    Feature record: CXX_FEATURE:1cxx_contextual_conversions
    Feature record: CXX_FEATURE:1cxx_decltype
    Feature record: CXX_FEATURE:1cxx_decltype_auto
    Feature record: CXX_FEATURE:1cxx_decltype_incomplete_return_types
    Feature record: CXX_FEATURE:1cxx_default_function_template_args
    Feature record: CXX_FEATURE:1cxx_defaulted_functions
    Feature record: CXX_FEATURE:1cxx_defaulted_move_initializers
    Feature record: CXX_FEATURE:1cxx_delegating_constructors
    Feature record: CXX_FEATURE:1cxx_deleted_functions
    Feature record: CXX_FEATURE:1cxx_digit_separators
    Feature record: CXX_FEATURE:1cxx_enum_forward_declarations
    Feature record: CXX_FEATURE:1cxx_explicit_conversions
    Feature record: CXX_FEATURE:1cxx_extended_friend_declarations
    Feature record: CXX_FEATURE:1cxx_extern_templates
    Feature record: CXX_FEATURE:1cxx_final
    Feature record: CXX_FEATURE:1cxx_func_identifier
    Feature record: CXX_FEATURE:1cxx_generalized_initializers
    Feature record: CXX_FEATURE:1cxx_generic_lambdas
    Feature record: CXX_FEATURE:1cxx_inheriting_constructors
    Feature record: CXX_FEATURE:1cxx_inline_namespaces
    Feature record: CXX_FEATURE:1cxx_lambdas
    Feature record: CXX_FEATURE:1cxx_lambda_init_captures
    Feature record: CXX_FEATURE:1cxx_local_type_template_args
    Feature record: CXX_FEATURE:1cxx_long_long_type
    Feature record: CXX_FEATURE:1cxx_noexcept
    Feature record: CXX_FEATURE:1cxx_nonstatic_member_init
    Feature record: CXX_FEATURE:1cxx_nullptr
    Feature record: CXX_FEATURE:1cxx_override
    Feature record: CXX_FEATURE:1cxx_range_for
    Feature record: CXX_FEATURE:1cxx_raw_string_literals
    Feature record: CXX_FEATURE:1cxx_reference_qualified_functions
    Feature record: CXX_FEATURE:1cxx_relaxed_constexpr
    Feature record: CXX_FEATURE:1cxx_return_type_deduction
    Feature record: CXX_FEATURE:1cxx_right_angle_brackets
    Feature record: CXX_FEATURE:1cxx_rvalue_references
    Feature record: CXX_FEATURE:1cxx_sizeof_member
    Feature record: CXX_FEATURE:1cxx_static_assert
    Feature record: CXX_FEATURE:1cxx_strong_enums
    Feature record: CXX_FEATURE:1cxx_template_template_parameters
    Feature record: CXX_FEATURE:1cxx_thread_local
    Feature record: CXX_FEATURE:1cxx_trailing_return_types
    Feature record: CXX_FEATURE:1cxx_unicode_literals
    Feature record: CXX_FEATURE:1cxx_uniform_initialization
    Feature record: CXX_FEATURE:1cxx_unrestricted_unions
    Feature record: CXX_FEATURE:1cxx_user_literals
    Feature record: CXX_FEATURE:1cxx_variable_templates
    Feature record: CXX_FEATURE:1cxx_variadic_macros
    Feature record: CXX_FEATURE:1cxx_variadic_templates


Detecting CXX [-std=c++14] compiler features compiled with the following output:
Change Dir: /home/e20180009306/Bureau/MasterImagina/IMAGINA_S3/Informatique_graphique/TP2/TP2_code/build/CMakeFiles/CMakeTmp

Run Build Command:"/usr/bin/make" "cmTC_19f01/fast"
/usr/bin/make -f CMakeFiles/cmTC_19f01.dir/build.make CMakeFiles/cmTC_19f01.dir/build
make[1] : on entre dans le répertoire « /home/e20180009306/Bureau/MasterImagina/IMAGINA_S3/Informatique_graphique/TP2/TP2_code/build/CMakeFiles/CMakeTmp »
Building CXX object CMakeFiles/cmTC_19f01.dir/feature_tests.cxx.o
/usr/bin/c++    -std=c++14 -o CMakeFiles/cmTC_19f01.dir/feature_tests.cxx.o -c /home/e20180009306/Bureau/MasterImagina/IMAGINA_S3/Informatique_graphique/TP2/TP2_code/build/CMakeFiles/feature_tests.cxx
Linking CXX executable cmTC_19f01
/usr/bin/cmake -E cmake_link_script CMakeFiles/cmTC_19f01.dir/link.txt --verbose=1
/usr/bin/c++       -rdynamic CMakeFiles/cmTC_19f01.dir/feature_tests.cxx.o  -o cmTC_19f01 
make[1] : on quitte le répertoire « /home/e20180009306/Bureau/MasterImagina/IMAGINA_S3/Informatique_graphique/TP2/TP2_code/build/CMakeFiles/CMakeTmp »


    Feature record: CXX_FEATURE:1cxx_aggregate_default_initializers
    Feature record: CXX_FEATURE:1cxx_alias_templates
    Feature record: CXX_FEATURE:1cxx_alignas
    Feature record: CXX_FEATURE:1cxx_alignof
    Feature record: CXX_FEATURE:1cxx_attributes
    Feature record: CXX_FEATURE:1cxx_attribute_deprecated
    Feature record: CXX_FEATURE:1cxx_auto_type
    Feature record: CXX_FEATURE:1cxx_binary_literals
    Feature record: CXX_FEATURE:1cxx_constexpr
    Feature record: CXX_FEATURE:1cxx_contextual_conversions
    Feature record: CXX_FEATURE:1cxx_decltype
    Feature record: CXX_FEATURE:1cxx_decltype_auto
    Feature record: CXX_FEATURE:1cxx_decltype_incomplete_return_types
    Feature record: CXX_FEATURE:1cxx_default_function_template_args
    Feature record: CXX_FEATURE:1cxx_defaulted_functions
    Feature record: CXX_FEATURE:1cxx_defaulted_move_initializers
    Feature record: CXX_FEATURE:1cxx_delegating_constructors
    Feature record: CXX_FEATURE:1cxx_deleted_functions
    Feature record: CXX_FEATURE:1cxx_digit_separators
    Feature record: CXX_FEATURE:1cxx_enum_forward_declarations
    Feature record: CXX_FEATURE:1cxx_explicit_conversions
    Feature record: CXX_FEATURE:1cxx_extended_friend_declarations
    Feature record: CXX_FEATURE:1cxx_extern_templates
    Feature record: CXX_FEATURE:1cxx_final
    Feature record: CXX_FEATURE:1cxx_func_identifier
    Feature record: CXX_FEATURE:1cxx_generalized_initializers
    Feature record: CXX_FEATURE:1cxx_generic_lambdas
    Feature record: CXX_FEATURE:1cxx_inheriting_constructors
    Feature record: CXX_FEATURE:1cxx_inline_namespaces
    Feature record: CXX_FEATURE:1cxx_lambdas
    Feature record: CXX_FEATURE:1cxx_lambda_init_captures
    Feature record: CXX_FEATURE:1cxx_local_type_template_args
    Feature record: CXX_FEATURE:1cxx_long_long_type
    Feature record: CXX_FEATURE:1cxx_noexcept
    Feature record: CXX_FEATURE:1cxx_nonstatic_member_init
    Feature record: CXX_FEATURE:1cxx_nullptr
    Feature record: CXX_FEATURE:1cxx_override
    Feature record: CXX_FEATURE:1cxx_range_for
    Feature record: CXX_FEATURE:1cxx_raw_string_literals
    Feature record: CXX_FEATURE:1cxx_reference_qualified_functions
    Feature record: CXX_FEATURE:1cxx_relaxed_constexpr
    Feature record: CXX_FEATURE:1cxx_return_type_deduction
    Feature record: CXX_FEATURE:1cxx_right_angle_brackets
    Feature record: CXX_FEATURE:1cxx_rvalue_references
    Feature record: CXX_FEATURE:1cxx_sizeof_member
    Feature record: CXX_FEATURE:1cxx_static_assert
    Feature record: CXX_FEATURE:1cxx_strong_enums
    Feature record: CXX_FEATURE:1cxx_template_template_parameters
    Feature record: CXX_FEATURE:1cxx_thread_local
    Feature record: CXX_FEATURE:1cxx_trailing_return_types
    Feature record: CXX_FEATURE:1cxx_unicode_literals
    Feature record: CXX_FEATURE:1cxx_uniform_initialization
    Feature record: CXX_FEATURE:1cxx_unrestricted_unions
    Feature record: CXX_FEATURE:1cxx_user_literals
    Feature record: CXX_FEATURE:1cxx_variable_templates
    Feature record: CXX_FEATURE:1cxx_variadic_macros
    Feature record: CXX_FEATURE:1cxx_variadic_templates


Detecting CXX [-std=c++11] compiler features compiled with the following output:
Change Dir: /home/e20180009306/Bureau/MasterImagina/IMAGINA_S3/Informatique_graphique/TP2/TP2_code/build/CMakeFiles/CMakeTmp

Run Build Command:"/usr/bin/make" "cmTC_bf843/fast"
/usr/bin/make -f CMakeFiles/cmTC_bf843.dir/build.make CMakeFiles/cmTC_bf843.dir/build
make[1] : on entre dans le répertoire « /home/e20180009306/Bureau/MasterImagina/IMAGINA_S3/Informatique_graphique/TP2/TP2_code/build/CMakeFiles/CMakeTmp »
Building CXX object CMakeFiles/cmTC_bf843.dir/feature_tests.cxx.o
/usr/bin/c++    -std=c++11 -o CMakeFiles/cmTC_bf843.dir/feature_tests.cxx.o -c /home/e20180009306/Bureau/MasterImagina/IMAGINA_S3/Informatique_graphique/TP2/TP2_code/build/CMakeFiles/feature_tests.cxx
Linking CXX executable cmTC_bf843
/usr/bin/cmake -E cmake_link_script CMakeFiles/cmTC_bf843.dir/link.txt --verbose=1
/usr/bin/c++       -rdynamic CMakeFiles/cmTC_bf843.dir/feature_tests.cxx.o  -o cmTC_bf843 
make[1] : on quitte le répertoire « /home/e20180009306/Bureau/MasterImagina/IMAGINA_S3/Informatique_graphique/TP2/TP2_code/build/CMakeFiles/CMakeTmp »


    Feature record: CXX_FEATURE:0cxx_aggregate_default_initializers
    Feature record: CXX_FEATURE:1cxx_alias_templates
    Feature record: CXX_FEATURE:1cxx_alignas
    Feature record: CXX_FEATURE:1cxx_alignof
    Feature record: CXX_FEATURE:1cxx_attributes
    Feature record: CXX_FEATURE:0cxx_attribute_deprecated
    Feature record: CXX_FEATURE:1cxx_auto_type
    Feature record: CXX_FEATURE:0cxx_binary_literals
    Feature record: CXX_FEATURE:1cxx_constexpr
    Feature record: CXX_FEATURE:0cxx_contextual_conversions
    Feature record: CXX_FEATURE:1cxx_decltype
    Feature record: CXX_FEATURE:0cxx_decltype_auto
    Feature record: CXX_FEATURE:1cxx_decltype_incomplete_return_types
    Feature record: CXX_FEATURE:1cxx_default_function_template_args
    Feature record: CXX_FEATURE:1cxx_defaulted_functions
    Feature record: CXX_FEATURE:1cxx_defaulted_move_initializers
    Feature record: CXX_FEATURE:1cxx_delegating_constructors
    Feature record: CXX_FEATURE:1cxx_deleted_functions
    Feature record: CXX_FEATURE:0cxx_digit_separators
    Feature record: CXX_FEATURE:1cxx_enum_forward_declarations
    Feature record: CXX_FEATURE:1cxx_explicit_conversions
    Feature record: CXX_FEATURE:1cxx_extended_friend_declarations
    Feature record: CXX_FEATURE:1cxx_extern_templates
    Feature record: CXX_FEATURE:1cxx_final
    Feature record: CXX_FEATURE:1cxx_func_identifier
    Feature record: CXX_FEATURE:1cxx_generalized_initializers
    Feature record: CXX_FEATURE:0cxx_generic_lambdas
    Feature record: CXX_FEATURE:1cxx_inheriting_constructors
    Feature record: CXX_FEATURE:1cxx_inline_namespaces
    Feature record: CXX_FEATURE:1cxx_lambdas
    Feature record: CXX_FEATURE:0cxx_lambda_init_captures
    Feature record: CXX_FEATURE:1cxx_local_type_template_args
    Feature record: CXX_FEATURE:1cxx_long_long_type
    Feature record: CXX_FEATURE:1cxx_noexcept
    Feature record: CXX_FEATURE:1cxx_nonstatic_member_init
    Feature record: CXX_FEATURE:1cxx_nullptr
    Feature record: CXX_FEATURE:1cxx_override
    Feature record: CXX_FEATURE:1cxx_range_for
    Feature record: CXX_FEATURE:1cxx_raw_string_literals
    Feature record: CXX_FEATURE:1cxx_reference_qualified_functions
    Feature record: CXX_FEATURE:0cxx_relaxed_constexpr
    Feature record: CXX_FEATURE:0cxx_return_type_deduction
    Feature record: CXX_FEATURE:1cxx_right_angle_brackets
    Feature record: CXX_FEATURE:1cxx_rvalue_references
    Feature record: CXX_FEATURE:1cxx_sizeof_member
    Feature record: CXX_FEATURE:1cxx_static_assert
    Feature record: CXX_FEATURE:1cxx_strong_enums
    Feature record: CXX_FEATURE:1cxx_template_template_parameters
    Feature record: CXX_FEATURE:1cxx_thread_local
    Feature record: CXX_FEATURE:1cxx_trailing_return_types
    Feature record: CXX_FEATURE:1cxx_unicode_literals
    Feature record: CXX_FEATURE:1cxx_uniform_initialization
    Feature record: CXX_FEATURE:1cxx_unrestricted_unions
    Feature record: CXX_FEATURE:1cxx_user_literals
    Feature record: CXX_FEATURE:0cxx_variable_templates
    Feature record: CXX_FEATURE:1cxx_variadic_macros
    Feature record: CXX_FEATURE:1cxx_variadic_templates


Detecting CXX [-std=c++98] compiler features compiled with the following output:
Change Dir: /home/e20180009306/Bureau/MasterImagina/IMAGINA_S3/Informatique_graphique/TP2/TP2_code/build/CMakeFiles/CMakeTmp

Run Build Command:"/usr/bin/make" "cmTC_0a347/fast"
/usr/bin/make -f CMakeFiles/cmTC_0a347.dir/build.make CMakeFiles/cmTC_0a347.dir/build
make[1] : on entre dans le répertoire « /home/e20180009306/Bureau/MasterImagina/IMAGINA_S3/Informatique_graphique/TP2/TP2_code/build/CMakeFiles/CMakeTmp »
Building CXX object CMakeFiles/cmTC_0a347.dir/feature_tests.cxx.o
/usr/bin/c++    -std=c++98 -o CMakeFiles/cmTC_0a347.dir/feature_tests.cxx.o -c /home/e20180009306/Bureau/MasterImagina/IMAGINA_S3/Informatique_graphique/TP2/TP2_code/build/CMakeFiles/feature_tests.cxx
Linking CXX executable cmTC_0a347
/usr/bin/cmake -E cmake_link_script CMakeFiles/cmTC_0a347.dir/link.txt --verbose=1
/usr/bin/c++       -rdynamic CMakeFiles/cmTC_0a347.dir/feature_tests.cxx.o  -o cmTC_0a347 
make[1] : on quitte le répertoire « /home/e20180009306/Bureau/MasterImagina/IMAGINA_S3/Informatique_graphique/TP2/TP2_code/build/CMakeFiles/CMakeTmp »


    Feature record: CXX_FEATURE:0cxx_aggregate_default_initializers
    Feature record: CXX_FEATURE:0cxx_alias_templates
    Feature record: CXX_FEATURE:0cxx_alignas
    Feature record: CXX_FEATURE:0cxx_alignof
    Feature record: CXX_FEATURE:0cxx_attributes
    Feature record: CXX_FEATURE:0cxx_attribute_deprecated
    Feature record: CXX_FEATURE:0cxx_auto_type
    Feature record: CXX_FEATURE:0cxx_binary_literals
    Feature record: CXX_FEATURE:0cxx_constexpr
    Feature record: CXX_FEATURE:0cxx_contextual_conversions
    Feature record: CXX_FEATURE:0cxx_decltype
    Feature record: CXX_FEATURE:0cxx_decltype_auto
    Feature record: CXX_FEATURE:0cxx_decltype_incomplete_return_types
    Feature record: CXX_FEATURE:0cxx_default_function_template_args
    Feature record: CXX_FEATURE:0cxx_defaulted_functions
    Feature record: CXX_FEATURE:0cxx_defaulted_move_initializers
    Feature record: CXX_FEATURE:0cxx_delegating_constructors
    Feature record: CXX_FEATURE:0cxx_deleted_functions
    Feature record: CXX_FEATURE:0cxx_digit_separators
    Feature record: CXX_FEATURE:0cxx_enum_forward_declarations
    Feature record: CXX_FEATURE:0cxx_explicit_conversions
    Feature record: CXX_FEATURE:0cxx_extended_friend_declarations
    Feature record: CXX_FEATURE:0cxx_extern_templates
    Feature record: CXX_FEATURE:0cxx_final
    Feature record: CXX_FEATURE:0cxx_func_identifier
    Feature record: CXX_FEATURE:0cxx_generalized_initializers
    Feature record: CXX_FEATURE:0cxx_generic_lambdas
    Feature record: CXX_FEATURE:0cxx_inheriting_constructors
    Feature record: CXX_FEATURE:0cxx_inline_namespaces
    Feature record: CXX_FEATURE:0cxx_lambdas
    Feature record: CXX_FEATURE:0cxx_lambda_init_captures
    Feature record: CXX_FEATURE:0cxx_local_type_template_args
    Feature record: CXX_FEATURE:0cxx_long_long_type
    Feature record: CXX_FEATURE:0cxx_noexcept
    Feature record: CXX_FEATURE:0cxx_nonstatic_member_init
    Feature record: CXX_FEATURE:0cxx_nullptr
    Feature record: CXX_FEATURE:0cxx_override
    Feature record: CXX_FEATURE:0cxx_range_for
    Feature record: CXX_FEATURE:0cxx_raw_string_literals
    Feature record: CXX_FEATURE:0cxx_reference_qualified_functions
    Feature record: CXX_FEATURE:0cxx_relaxed_constexpr
    Feature record: CXX_FEATURE:0cxx_return_type_deduction
    Feature record: CXX_FEATURE:0cxx_right_angle_brackets
    Feature record: CXX_FEATURE:0cxx_rvalue_references
    Feature record: CXX_FEATURE:0cxx_sizeof_member
    Feature record: CXX_FEATURE:0cxx_static_assert
    Feature record: CXX_FEATURE:0cxx_strong_enums
    Feature record: CXX_FEATURE:1cxx_template_template_parameters
    Feature record: CXX_FEATURE:0cxx_thread_local
    Feature record: CXX_FEATURE:0cxx_trailing_return_types
    Feature record: CXX_FEATURE:0cxx_unicode_literals
    Feature record: CXX_FEATURE:0cxx_uniform_initialization
    Feature record: CXX_FEATURE:0cxx_unrestricted_unions
    Feature record: CXX_FEATURE:0cxx_user_literals
    Feature record: CXX_FEATURE:0cxx_variable_templates
    Feature record: CXX_FEATURE:0cxx_variadic_macros
    Feature record: CXX_FEATURE:0cxx_variadic_templates
Determining if the include file pthread.h exists passed with the following output:
Change Dir: /home/e20180009306/Bureau/MasterImagina/IMAGINA_S3/Informatique_graphique/TP2/TP2_code/build/CMakeFiles/CMakeTmp

Run Build Command:"/usr/bin/make" "cmTC_ad067/fast"
/usr/bin/make -f CMakeFiles/cmTC_ad067.dir/build.make CMakeFiles/cmTC_ad067.dir/build
make[1] : on entre dans le répertoire « /home/e20180009306/Bureau/MasterImagina/IMAGINA_S3/Informatique_graphique/TP2/TP2_code/build/CMakeFiles/CMakeTmp »
Building C object CMakeFiles/cmTC_ad067.dir/CheckIncludeFile.c.o
/usr/bin/cc    -o CMakeFiles/cmTC_ad067.dir/CheckIncludeFile.c.o   -c /home/e20180009306/Bureau/MasterImagina/IMAGINA_S3/Informatique_graphique/TP2/TP2_code/build/CMakeFiles/CMakeTmp/CheckIncludeFile.c
Linking C executable cmTC_ad067
/usr/bin/cmake -E cmake_link_script CMakeFiles/cmTC_ad067.dir/link.txt --verbose=1
/usr/bin/cc      -rdynamic CMakeFiles/cmTC_ad067.dir/CheckIncludeFile.c.o  -o cmTC_ad067 
make[1] : on quitte le répertoire « /home/e20180009306/Bureau/MasterImagina/IMAGINA_S3/Informatique_graphique/TP2/TP2_code/build/CMakeFiles/CMakeTmp »


Determining if the function pthread_create exists in the pthread passed with the following output:
Change Dir: /home/e20180009306/Bureau/MasterImagina/IMAGINA_S3/Informatique_graphique/TP2/TP2_code/build/CMakeFiles/CMakeTmp

Run Build Command:"/usr/bin/make" "cmTC_6c6c5/fast"
/usr/bin/make -f CMakeFiles/cmTC_6c6c5.dir/build.make CMakeFiles/cmTC_6c6c5.dir/build
make[1] : on entre dans le répertoire « /home/e20180009306/Bureau/MasterImagina/IMAGINA_S3/Informatique_graphique/TP2/TP2_code/build/CMakeFiles/CMakeTmp »
Building C object CMakeFiles/cmTC_6c6c5.dir/CheckFunctionExists.c.o
/usr/bin/cc   -DCHECK_FUNCTION_EXISTS=pthread_create   -o CMakeFiles/cmTC_6c6c5.dir/CheckFunctionExists.c.o   -c /usr/share/cmake-3.10/Modules/CheckFunctionExists.c
Linking C executable cmTC_6c6c5
/usr/bin/cmake -E cmake_link_script CMakeFiles/cmTC_6c6c5.dir/link.txt --verbose=1
/usr/bin/cc  -DCHECK_FUNCTION_EXISTS=pthread_create    -rdynamic CMakeFiles/cmTC_6c6c5.dir/CheckFunctionExists.c.o  -o cmTC_6c6c5 -lpthread 
make[1] : on quitte le répertoire « /home/e20180009306/Bureau/MasterImagina/IMAGINA_S3/Informatique_graphique/TP2/TP2_code/build/CMakeFiles/CMakeTmp »


Determining if the function XOpenDisplay exists in the /usr/lib/x86_64-linux-gnu/libX11.so;/usr/lib/x86_64-linux-gnu/libXext.so passed with the following output:
Change Dir: /home/e20180009306/Bureau/MasterImagina/IMAGINA_S3/Informatique_graphique/TP2/TP2_code/build/CMakeFiles/CMakeTmp

Run Build Command:"/usr/bin/make" "cmTC_1506f/fast"
/usr/bin/make -f CMakeFiles/cmTC_1506f.dir/build.make CMakeFiles/cmTC_1506f.dir/build
make[1] : on entre dans le répertoire « /home/e20180009306/Bureau/MasterImagina/IMAGINA_S3/Informatique_graphique/TP2/TP2_code/build/CMakeFiles/CMakeTmp »
Building C object CMakeFiles/cmTC_1506f.dir/CheckFunctionExists.c.o
/usr/bin/cc   -DCHECK_FUNCTION_EXISTS=XOpenDisplay   -o CMakeFiles/cmTC_1506f.dir/CheckFunctionExists.c.o   -c /usr/share/cmake-3.10/Modules/CheckFunctionExists.c
Linking C executable cmTC_1506f
/usr/bin/cmake -E cmake_link_script CMakeFiles/cmTC_1506f.dir/link.txt --verbose=1
/usr/bin/cc  -DCHECK_FUNCTION_EXISTS=XOpenDisplay    -rdynamic CMakeFiles/cmTC_1506f.dir/CheckFunctionExists.c.o  -o cmTC_1506f /usr/lib/x86_64-linux-gnu/libX11.so /usr/lib/x86_64-linux-gnu/libXext.so 
make[1] : on quitte le répertoire « /home/e20180009306/Bureau/MasterImagina/IMAGINA_S3/Informatique_graphique/TP2/TP2_code/build/CMakeFiles/CMakeTmp »


Determining if the function gethostbyname exists passed with the following output:
Change Dir: /home/e20180009306/Bureau/MasterImagina/IMAGINA_S3/Informatique_graphique/TP2/TP2_code/build/CMakeFiles/CMakeTmp

Run Build Command:"/usr/bin/make" "cmTC_89f4f/fast"
/usr/bin/make -f CMakeFiles/cmTC_89f4f.dir/build.make CMakeFiles/cmTC_89f4f.dir/build
make[1] : on entre dans le répertoire « /home/e20180009306/Bureau/MasterImagina/IMAGINA_S3/Informatique_graphique/TP2/TP2_code/build/CMakeFiles/CMakeTmp »
Building C object CMakeFiles/cmTC_89f4f.dir/CheckFunctionExists.c.o
/usr/bin/cc   -DCHECK_FUNCTION_EXISTS=gethostbyname   -o CMakeFiles/cmTC_89f4f.dir/CheckFunctionExists.c.o   -c /usr/share/cmake-3.10/Modules/CheckFunctionExists.c
Linking C executable cmTC_89f4f
/usr/bin/cmake -E cmake_link_script CMakeFiles/cmTC_89f4f.dir/link.txt --verbose=1
/usr/bin/cc  -DCHECK_FUNCTION_EXISTS=gethostbyname    -rdynamic CMakeFiles/cmTC_89f4f.dir/CheckFunctionExists.c.o  -o cmTC_89f4f 
make[1] : on quitte le répertoire « /home/e20180009306/Bureau/MasterImagina/IMAGINA_S3/Informatique_graphique/TP2/TP2_code/build/CMakeFiles/CMakeTmp »


Determining if the function connect exists passed with the following output:
Change Dir: /home/e20180009306/Bureau/MasterImagina/IMAGINA_S3/Informatique_graphique/TP2/TP2_code/build/CMakeFiles/CMakeTmp

Run Build Command:"/usr/bin/make" "cmTC_d8c56/fast"
/usr/bin/make -f CMakeFiles/cmTC_d8c56.dir/build.make CMakeFiles/cmTC_d8c56.dir/build
make[1] : on entre dans le répertoire « /home/e20180009306/Bureau/MasterImagina/IMAGINA_S3/Informatique_graphique/TP2/TP2_code/build/CMakeFiles/CMakeTmp »
Building C object CMakeFiles/cmTC_d8c56.dir/CheckFunctionExists.c.o
/usr/bin/cc   -DCHECK_FUNCTION_EXISTS=connect   -o CMakeFiles/cmTC_d8c56.dir/CheckFunctionExists.c.o   -c /usr/share/cmake-3.10/Modules/CheckFunctionExists.c
Linking C executable cmTC_d8c56
/usr/bin/cmake -E cmake_link_script CMakeFiles/cmTC_d8c56.dir/link.txt --verbose=1
/usr/bin/cc  -DCHECK_FUNCTION_EXISTS=connect    -rdynamic CMakeFiles/cmTC_d8c56.dir/CheckFunctionExists.c.o  -o cmTC_d8c56 
make[1] : on quitte le répertoire « /home/e20180009306/Bureau/MasterImagina/IMAGINA_S3/Informatique_graphique/TP2/TP2_code/build/CMakeFiles/CMakeTmp »


Determining if the function remove exists passed with the following output:
Change Dir: /home/e20180009306/Bureau/MasterImagina/IMAGINA_S3/Informatique_graphique/TP2/TP2_code/build/CMakeFiles/CMakeTmp

Run Build Command:"/usr/bin/make" "cmTC_5e476/fast"
/usr/bin/make -f CMakeFiles/cmTC_5e476.dir/build.make CMakeFiles/cmTC_5e476.dir/build
make[1] : on entre dans le répertoire « /home/e20180009306/Bureau/MasterImagina/IMAGINA_S3/Informatique_graphique/TP2/TP2_code/build/CMakeFiles/CMakeTmp »
Building C object CMakeFiles/cmTC_5e476.dir/CheckFunctionExists.c.o
/usr/bin/cc   -DCHECK_FUNCTION_EXISTS=remove   -o CMakeFiles/cmTC_5e476.dir/CheckFunctionExists.c.o   -c /usr/share/cmake-3.10/Modules/CheckFunctionExists.c
Linking C executable cmTC_5e476
/usr/bin/cmake -E cmake_link_script CMakeFiles/cmTC_5e476.dir/link.txt --verbose=1
/usr/bin/cc  -DCHECK_FUNCTION_EXISTS=remove    -rdynamic CMakeFiles/cmTC_5e476.dir/CheckFunctionExists.c.o  -o cmTC_5e476 
make[1] : on quitte le répertoire « /home/e20180009306/Bureau/MasterImagina/IMAGINA_S3/Informatique_graphique/TP2/TP2_code/build/CMakeFiles/CMakeTmp »


Determining if the function shmat exists passed with the following output:
Change Dir: /home/e20180009306/Bureau/MasterImagina/IMAGINA_S3/Informatique_graphique/TP2/TP2_code/build/CMakeFiles/CMakeTmp

Run Build Command:"/usr/bin/make" "cmTC_2a3d2/fast"
/usr/bin/make -f CMakeFiles/cmTC_2a3d2.dir/build.make CMakeFiles/cmTC_2a3d2.dir/build
make[1] : on entre dans le répertoire « /home/e20180009306/Bureau/MasterImagina/IMAGINA_S3/Informatique_graphique/TP2/TP2_code/build/CMakeFiles/CMakeTmp »
Building C object CMakeFiles/cmTC_2a3d2.dir/CheckFunctionExists.c.o
/usr/bin/cc   -DCHECK_FUNCTION_EXISTS=shmat   -o CMakeFiles/cmTC_2a3d2.dir/CheckFunctionExists.c.o   -c /usr/share/cmake-3.10/Modules/CheckFunctionExists.c
Linking C executable cmTC_2a3d2
/usr/bin/cmake -E cmake_link_script CMakeFiles/cmTC_2a3d2.dir/link.txt --verbose=1
/usr/bin/cc  -DCHECK_FUNCTION_EXISTS=shmat    -rdynamic CMakeFiles/cmTC_2a3d2.dir/CheckFunctionExists.c.o  -o cmTC_2a3d2 
make[1] : on quitte le répertoire « /home/e20180009306/Bureau/MasterImagina/IMAGINA_S3/Informatique_graphique/TP2/TP2_code/build/CMakeFiles/CMakeTmp »


Determining if the function IceConnectionNumber exists in the ICE passed with the following output:
Change Dir: /home/e20180009306/Bureau/MasterImagina/IMAGINA_S3/Informatique_graphique/TP2/TP2_code/build/CMakeFiles/CMakeTmp

Run Build Command:"/usr/bin/make" "cmTC_d4ec0/fast"
/usr/bin/make -f CMakeFiles/cmTC_d4ec0.dir/build.make CMakeFiles/cmTC_d4ec0.dir/build
make[1] : on entre dans le répertoire « /home/e20180009306/Bureau/MasterImagina/IMAGINA_S3/Informatique_graphique/TP2/TP2_code/build/CMakeFiles/CMakeTmp »
Building C object CMakeFiles/cmTC_d4ec0.dir/CheckFunctionExists.c.o
/usr/bin/cc   -DCHECK_FUNCTION_EXISTS=IceConnectionNumber   -o CMakeFiles/cmTC_d4ec0.dir/CheckFunctionExists.c.o   -c /usr/share/cmake-3.10/Modules/CheckFunctionExists.c
Linking C executable cmTC_d4ec0
/usr/bin/cmake -E cmake_link_script CMakeFiles/cmTC_d4ec0.dir/link.txt --verbose=1
/usr/bin/cc  -DCHECK_FUNCTION_EXISTS=IceConnectionNumber    -rdynamic CMakeFiles/cmTC_d4ec0.dir/CheckFunctionExists.c.o  -o cmTC_d4ec0 -lICE 
make[1] : on quitte le répertoire « /home/e20180009306/Bureau/MasterImagina/IMAGINA_S3/Informatique_graphique/TP2/TP2_code/build/CMakeFiles/CMakeTmp »


Determining if the include file sys/types.h exists passed with the following output:
Change Dir: /home/e20180009306/Bureau/MasterImagina/IMAGINA_S3/Informatique_graphique/TP2/TP2_code/build/CMakeFiles/CMakeTmp

Run Build Command:"/usr/bin/make" "cmTC_b94ed/fast"
/usr/bin/make -f CMakeFiles/cmTC_b94ed.dir/build.make CMakeFiles/cmTC_b94ed.dir/build
make[1] : on entre dans le répertoire « /home/e20180009306/Bureau/MasterImagina/IMAGINA_S3/Informatique_graphique/TP2/TP2_code/build/CMakeFiles/CMakeTmp »
Building C object CMakeFiles/cmTC_b94ed.dir/CheckIncludeFile.c.o
/usr/bin/cc    -o CMakeFiles/cmTC_b94ed.dir/CheckIncludeFile.c.o   -c /home/e20180009306/Bureau/MasterImagina/IMAGINA_S3/Informatique_graphique/TP2/TP2_code/build/CMakeFiles/CMakeTmp/CheckIncludeFile.c
Linking C executable cmTC_b94ed
/usr/bin/cmake -E cmake_link_script CMakeFiles/cmTC_b94ed.dir/link.txt --verbose=1
/usr/bin/cc      -rdynamic CMakeFiles/cmTC_b94ed.dir/CheckIncludeFile.c.o  -o cmTC_b94ed 
make[1] : on quitte le répertoire « /home/e20180009306/Bureau/MasterImagina/IMAGINA_S3/Informatique_graphique/TP2/TP2_code/build/CMakeFiles/CMakeTmp »


Determining if the include file stdint.h exists passed with the following output:
Change Dir: /home/e20180009306/Bureau/MasterImagina/IMAGINA_S3/Informatique_graphique/TP2/TP2_code/build/CMakeFiles/CMakeTmp

Run Build Command:"/usr/bin/make" "cmTC_79769/fast"
/usr/bin/make -f CMakeFiles/cmTC_79769.dir/build.make CMakeFiles/cmTC_79769.dir/build
make[1] : on entre dans le répertoire « /home/e20180009306/Bureau/MasterImagina/IMAGINA_S3/Informatique_graphique/TP2/TP2_code/build/CMakeFiles/CMakeTmp »
Building C object CMakeFiles/cmTC_79769.dir/CheckIncludeFile.c.o
/usr/bin/cc    -o CMakeFiles/cmTC_79769.dir/CheckIncludeFile.c.o   -c /home/e20180009306/Bureau/MasterImagina/IMAGINA_S3/Informatique_graphique/TP2/TP2_code/build/CMakeFiles/CMakeTmp/CheckIncludeFile.c
Linking C executable cmTC_79769
/usr/bin/cmake -E cmake_link_script CMakeFiles/cmTC_79769.dir/link.txt --verbose=1
/usr/bin/cc      -rdynamic CMakeFiles/cmTC_79769.dir/CheckIncludeFile.c.o  -o cmTC_79769 
make[1] : on quitte le répertoire « /home/e20180009306/Bureau/MasterImagina/IMAGINA_S3/Informatique_graphique/TP2/TP2_code/build/CMakeFiles/CMakeTmp »


Determining if the include file stddef.h exists passed with the following output:
Change Dir: /home/e20180009306/Bureau/MasterImagina/IMAGINA_S3/Informatique_graphique/TP2/TP2_code/build/CMakeFiles/CMakeTmp

Run Build Command:"/usr/bin/make" "cmTC_af7ff/fast"
/usr/bin/make -f CMakeFiles/cmTC_af7ff.dir/build.make CMakeFiles/cmTC_af7ff.dir/build
make[1] : on entre dans le répertoire « /home/e20180009306/Bureau/MasterImagina/IMAGINA_S3/Informatique_graphique/TP2/TP2_code/build/CMakeFiles/CMakeTmp »
Building C object CMakeFiles/cmTC_af7ff.dir/CheckIncludeFile.c.o
/usr/bin/cc    -o CMakeFiles/cmTC_af7ff.dir/CheckIncludeFile.c.o   -c /home/e20180009306/Bureau/MasterImagina/IMAGINA_S3/Informatique_graphique/TP2/TP2_code/build/CMakeFiles/CMakeTmp/CheckIncludeFile.c
Linking C executable cmTC_af7ff
/usr/bin/cmake -E cmake_link_script CMakeFiles/cmTC_af7ff.dir/link.txt --verbose=1
/usr/bin/cc      -rdynamic CMakeFiles/cmTC_af7ff.dir/CheckIncludeFile.c.o  -o cmTC_af7ff 
make[1] : on quitte le répertoire « /home/e20180009306/Bureau/MasterImagina/IMAGINA_S3/Informatique_graphique/TP2/TP2_code/build/CMakeFiles/CMakeTmp »


Determining size of off64_t passed with the following output:
Change Dir: /home/e20180009306/Bureau/MasterImagina/IMAGINA_S3/Informatique_graphique/TP2/TP2_code/build/CMakeFiles/CMakeTmp

Run Build Command:"/usr/bin/make" "cmTC_11eac/fast"
/usr/bin/make -f CMakeFiles/cmTC_11eac.dir/build.make CMakeFiles/cmTC_11eac.dir/build
make[1] : on entre dans le répertoire « /home/e20180009306/Bureau/MasterImagina/IMAGINA_S3/Informatique_graphique/TP2/TP2_code/build/CMakeFiles/CMakeTmp »
Building C object CMakeFiles/cmTC_11eac.dir/OFF64_T.c.o
/usr/bin/cc -DHAVE_STDDEF_H -DHAVE_STDINT_H -DHAVE_SYS_TYPES_H -D_LARGEFILE64_SOURCE=1   -o CMakeFiles/cmTC_11eac.dir/OFF64_T.c.o   -c /home/e20180009306/Bureau/MasterImagina/IMAGINA_S3/Informatique_graphique/TP2/TP2_code/build/CMakeFiles/CheckTypeSize/OFF64_T.c
Linking C executable cmTC_11eac
/usr/bin/cmake -E cmake_link_script CMakeFiles/cmTC_11eac.dir/link.txt --verbose=1
/usr/bin/cc      -rdynamic CMakeFiles/cmTC_11eac.dir/OFF64_T.c.o  -o cmTC_11eac 
make[1] : on quitte le répertoire « /home/e20180009306/Bureau/MasterImagina/IMAGINA_S3/Informatique_graphique/TP2/TP2_code/build/CMakeFiles/CMakeTmp »


Determining if the function fseeko exists passed with the following output:
Change Dir: /home/e20180009306/Bureau/MasterImagina/IMAGINA_S3/Informatique_graphique/TP2/TP2_code/build/CMakeFiles/CMakeTmp

Run Build Command:"/usr/bin/make" "cmTC_7d8ef/fast"
/usr/bin/make -f CMakeFiles/cmTC_7d8ef.dir/build.make CMakeFiles/cmTC_7d8ef.dir/build
make[1] : on entre dans le répertoire « /home/e20180009306/Bureau/MasterImagina/IMAGINA_S3/Informatique_graphique/TP2/TP2_code/build/CMakeFiles/CMakeTmp »
Building C object CMakeFiles/cmTC_7d8ef.dir/CheckFunctionExists.c.o
/usr/bin/cc   -DCHECK_FUNCTION_EXISTS=fseeko   -o CMakeFiles/cmTC_7d8ef.dir/CheckFunctionExists.c.o   -c /usr/share/cmake-3.10/Modules/CheckFunctionExists.c
Linking C executable cmTC_7d8ef
/usr/bin/cmake -E cmake_link_script CMakeFiles/cmTC_7d8ef.dir/link.txt --verbose=1
/usr/bin/cc  -DCHECK_FUNCTION_EXISTS=fseeko    -rdynamic CMakeFiles/cmTC_7d8ef.dir/CheckFunctionExists.c.o  -o cmTC_7d8ef 
make[1] : on quitte le répertoire « /home/e20180009306/Bureau/MasterImagina/IMAGINA_S3/Informatique_graphique/TP2/TP2_code/build/CMakeFiles/CMakeTmp »


Determining if the include file unistd.h exists passed with the following output:
Change Dir: /home/e20180009306/Bureau/MasterImagina/IMAGINA_S3/Informatique_graphique/TP2/TP2_code/build/CMakeFiles/CMakeTmp

Run Build Command:"/usr/bin/make" "cmTC_f59ea/fast"
/usr/bin/make -f CMakeFiles/cmTC_f59ea.dir/build.make CMakeFiles/cmTC_f59ea.dir/build
make[1] : on entre dans le répertoire « /home/e20180009306/Bureau/MasterImagina/IMAGINA_S3/Informatique_graphique/TP2/TP2_code/build/CMakeFiles/CMakeTmp »
Building C object CMakeFiles/cmTC_f59ea.dir/CheckIncludeFile.c.o
/usr/bin/cc    -o CMakeFiles/cmTC_f59ea.dir/CheckIncludeFile.c.o   -c /home/e20180009306/Bureau/MasterImagina/IMAGINA_S3/Informatique_graphique/TP2/TP2_code/build/CMakeFiles/CMakeTmp/CheckIncludeFile.c
Linking C executable cmTC_f59ea
/usr/bin/cmake -E cmake_link_script CMakeFiles/cmTC_f59ea.dir/link.txt --verbose=1
/usr/bin/cc      -rdynamic CMakeFiles/cmTC_f59ea.dir/CheckIncludeFile.c.o  -o cmTC_f59ea 
make[1] : on quitte le répertoire « /home/e20180009306/Bureau/MasterImagina/IMAGINA_S3/Informatique_graphique/TP2/TP2_code/build/CMakeFiles/CMakeTmp »


