The system is: Linux - 4.15.0-47-generic - x86_64
Compiling the C compiler identification source file "CMakeCCompilerId.c" succeeded.
Compiler: /usr/bin/cc 
Build flags: 
Id flags:  

The output was:
0


Compilation of the C compiler identification source "CMakeCCompilerId.c" produced "a.out"

The C compiler identification is GNU, found in "/home/e20180009306/Bureau/MasterImagina/IMAGINA_S3/Informatique_graphique/TP3/TP3_lissage/build/CMakeFiles/3.10.2/CompilerIdC/a.out"

Compiling the CXX compiler identification source file "CMakeCXXCompilerId.cpp" succeeded.
Compiler: /usr/bin/c++ 
Build flags: 
Id flags:  

The output was:
0


Compilation of the CXX compiler identification source "CMakeCXXCompilerId.cpp" produced "a.out"

The CXX compiler identification is GNU, found in "/home/e20180009306/Bureau/MasterImagina/IMAGINA_S3/Informatique_graphique/TP3/TP3_lissage/build/CMakeFiles/3.10.2/CompilerIdCXX/a.out"

Determining if the C compiler works passed with the following output:
Change Dir: /home/e20180009306/Bureau/MasterImagina/IMAGINA_S3/Informatique_graphique/TP3/TP3_lissage/build/CMakeFiles/CMakeTmp

Run Build Command:"/usr/bin/make" "cmTC_24cad/fast"
/usr/bin/make -f CMakeFiles/cmTC_24cad.dir/build.make CMakeFiles/cmTC_24cad.dir/build
make[1] : on entre dans le répertoire « /home/e20180009306/Bureau/MasterImagina/IMAGINA_S3/Informatique_graphique/TP3/TP3_lissage/build/CMakeFiles/CMakeTmp »
Building C object CMakeFiles/cmTC_24cad.dir/testCCompiler.c.o
/usr/bin/cc    -o CMakeFiles/cmTC_24cad.dir/testCCompiler.c.o   -c /home/e20180009306/Bureau/MasterImagina/IMAGINA_S3/Informatique_graphique/TP3/TP3_lissage/build/CMakeFiles/CMakeTmp/testCCompiler.c
Linking C executable cmTC_24cad
/usr/bin/cmake -E cmake_link_script CMakeFiles/cmTC_24cad.dir/link.txt --verbose=1
/usr/bin/cc      -rdynamic CMakeFiles/cmTC_24cad.dir/testCCompiler.c.o  -o cmTC_24cad 
make[1] : on quitte le répertoire « /home/e20180009306/Bureau/MasterImagina/IMAGINA_S3/Informatique_graphique/TP3/TP3_lissage/build/CMakeFiles/CMakeTmp »


Detecting C compiler ABI info compiled with the following output:
Change Dir: /home/e20180009306/Bureau/MasterImagina/IMAGINA_S3/Informatique_graphique/TP3/TP3_lissage/build/CMakeFiles/CMakeTmp

Run Build Command:"/usr/bin/make" "cmTC_ba9b8/fast"
/usr/bin/make -f CMakeFiles/cmTC_ba9b8.dir/build.make CMakeFiles/cmTC_ba9b8.dir/build
make[1] : on entre dans le répertoire « /home/e20180009306/Bureau/MasterImagina/IMAGINA_S3/Informatique_graphique/TP3/TP3_lissage/build/CMakeFiles/CMakeTmp »
Building C object CMakeFiles/cmTC_ba9b8.dir/CMakeCCompilerABI.c.o
/usr/bin/cc    -o CMakeFiles/cmTC_ba9b8.dir/CMakeCCompilerABI.c.o   -c /usr/share/cmake-3.10/Modules/CMakeCCompilerABI.c
Linking C executable cmTC_ba9b8
/usr/bin/cmake -E cmake_link_script CMakeFiles/cmTC_ba9b8.dir/link.txt --verbose=1
/usr/bin/cc     -v -rdynamic CMakeFiles/cmTC_ba9b8.dir/CMakeCCompilerABI.c.o  -o cmTC_ba9b8 
Using built-in specs.
COLLECT_GCC=/usr/bin/cc
COLLECT_LTO_WRAPPER=/usr/lib/gcc/x86_64-linux-gnu/7/lto-wrapper
OFFLOAD_TARGET_NAMES=nvptx-none
OFFLOAD_TARGET_DEFAULT=1
Target: x86_64-linux-gnu
Configured with: ../src/configure -v --with-pkgversion='Ubuntu 7.3.0-16ubuntu3' --with-bugurl=file:///usr/share/doc/gcc-7/README.Bugs --enable-languages=c,ada,c++,go,brig,d,fortran,objc,obj-c++ --prefix=/usr --with-gcc-major-version-only --with-as=/usr/bin/x86_64-linux-gnu-as --with-ld=/usr/bin/x86_64-linux-gnu-ld --program-suffix=-7 --program-prefix=x86_64-linux-gnu- --enable-shared --enable-linker-build-id --libexecdir=/usr/lib --without-included-gettext --enable-threads=posix --libdir=/usr/lib --enable-nls --with-sysroot=/ --enable-clocale=gnu --enable-libstdcxx-debug --enable-libstdcxx-time=yes --with-default-libstdcxx-abi=new --enable-gnu-unique-object --disable-vtable-verify --enable-libmpx --enable-plugin --enable-default-pie --with-system-zlib --with-target-system-zlib --enable-objc-gc=auto --enable-multiarch --disable-werror --with-arch-32=i686 --with-abi=m64 --with-multilib-list=m32,m64,mx32 --enable-multilib --with-tune=generic --enable-offload-targets=nvptx-none --without-cuda-driver --enable-checking=release --build=x86_64-linux-gnu --host=x86_64-linux-gnu --target=x86_64-linux-gnu
Thread model: posix
gcc version 7.3.0 (Ubuntu 7.3.0-16ubuntu3) 
COMPILER_PATH=/usr/lib/gcc/x86_64-linux-gnu/7/:/usr/lib/gcc/x86_64-linux-gnu/7/:/usr/lib/gcc/x86_64-linux-gnu/:/usr/lib/gcc/x86_64-linux-gnu/7/:/usr/lib/gcc/x86_64-linux-gnu/
LIBRARY_PATH=/usr/lib/gcc/x86_64-linux-gnu/7/:/usr/lib/gcc/x86_64-linux-gnu/7/../../../x86_64-linux-gnu/:/usr/lib/gcc/x86_64-linux-gnu/7/../../../../lib/:/lib/x86_64-linux-gnu/:/lib/../lib/:/usr/lib/x86_64-linux-gnu/:/usr/lib/../lib/:/usr/lib/gcc/x86_64-linux-gnu/7/../../../:/lib/:/usr/lib/
COLLECT_GCC_OPTIONS='-v' '-rdynamic' '-o' 'cmTC_ba9b8' '-mtune=generic' '-march=x86-64'
 /usr/lib/gcc/x86_64-linux-gnu/7/collect2 -plugin /usr/lib/gcc/x86_64-linux-gnu/7/liblto_plugin.so -plugin-opt=/usr/lib/gcc/x86_64-linux-gnu/7/lto-wrapper -plugin-opt=-fresolution=/tmp/ccfwYQW4.res -plugin-opt=-pass-through=-lgcc -plugin-opt=-pass-through=-lgcc_s -plugin-opt=-pass-through=-lc -plugin-opt=-pass-through=-lgcc -plugin-opt=-pass-through=-lgcc_s --sysroot=/ --build-id --eh-frame-hdr -m elf_x86_64 --hash-style=gnu --as-needed -export-dynamic -dynamic-linker /lib64/ld-linux-x86-64.so.2 -pie -z now -z relro -o cmTC_ba9b8 /usr/lib/gcc/x86_64-linux-gnu/7/../../../x86_64-linux-gnu/Scrt1.o /usr/lib/gcc/x86_64-linux-gnu/7/../../../x86_64-linux-gnu/crti.o /usr/lib/gcc/x86_64-linux-gnu/7/crtbeginS.o -L/usr/lib/gcc/x86_64-linux-gnu/7 -L/usr/lib/gcc/x86_64-linux-gnu/7/../../../x86_64-linux-gnu -L/usr/lib/gcc/x86_64-linux-gnu/7/../../../../lib -L/lib/x86_64-linux-gnu -L/lib/../lib -L/usr/lib/x86_64-linux-gnu -L/usr/lib/../lib -L/usr/lib/gcc/x86_64-linux-gnu/7/../../.. CMakeFiles/cmTC_ba9b8.dir/CMakeCCompilerABI.c.o -lgcc --push-state --as-needed -lgcc_s --pop-state -lc -lgcc --push-state --as-needed -lgcc_s --pop-state /usr/lib/gcc/x86_64-linux-gnu/7/crtendS.o /usr/lib/gcc/x86_64-linux-gnu/7/../../../x86_64-linux-gnu/crtn.o
COLLECT_GCC_OPTIONS='-v' '-rdynamic' '-o' 'cmTC_ba9b8' '-mtune=generic' '-march=x86-64'
make[1] : on quitte le répertoire « /home/e20180009306/Bureau/MasterImagina/IMAGINA_S3/Informatique_graphique/TP3/TP3_lissage/build/CMakeFiles/CMakeTmp »


Parsed C implicit link information from above output:
  link line regex: [^( *|.*[/\])(ld|CMAKE_LINK_STARTFILE-NOTFOUND|([^/\]+-)?ld|collect2)[^/\]*( |$)]
  ignore line: [Change Dir: /home/e20180009306/Bureau/MasterImagina/IMAGINA_S3/Informatique_graphique/TP3/TP3_lissage/build/CMakeFiles/CMakeTmp]
  ignore line: []
  ignore line: [Run Build Command:"/usr/bin/make" "cmTC_ba9b8/fast"]
  ignore line: [/usr/bin/make -f CMakeFiles/cmTC_ba9b8.dir/build.make CMakeFiles/cmTC_ba9b8.dir/build]
  ignore line: [make[1] : on entre dans le répertoire « /home/e20180009306/Bureau/MasterImagina/IMAGINA_S3/Informatique_graphique/TP3/TP3_lissage/build/CMakeFiles/CMakeTmp »]
  ignore line: [Building C object CMakeFiles/cmTC_ba9b8.dir/CMakeCCompilerABI.c.o]
  ignore line: [/usr/bin/cc    -o CMakeFiles/cmTC_ba9b8.dir/CMakeCCompilerABI.c.o   -c /usr/share/cmake-3.10/Modules/CMakeCCompilerABI.c]
  ignore line: [Linking C executable cmTC_ba9b8]
  ignore line: [/usr/bin/cmake -E cmake_link_script CMakeFiles/cmTC_ba9b8.dir/link.txt --verbose=1]
  ignore line: [/usr/bin/cc     -v -rdynamic CMakeFiles/cmTC_ba9b8.dir/CMakeCCompilerABI.c.o  -o cmTC_ba9b8 ]
  ignore line: [Using built-in specs.]
  ignore line: [COLLECT_GCC=/usr/bin/cc]
  ignore line: [COLLECT_LTO_WRAPPER=/usr/lib/gcc/x86_64-linux-gnu/7/lto-wrapper]
  ignore line: [OFFLOAD_TARGET_NAMES=nvptx-none]
  ignore line: [OFFLOAD_TARGET_DEFAULT=1]
  ignore line: [Target: x86_64-linux-gnu]
  ignore line: [Configured with: ../src/configure -v --with-pkgversion='Ubuntu 7.3.0-16ubuntu3' --with-bugurl=file:///usr/share/doc/gcc-7/README.Bugs --enable-languages=c,ada,c++,go,brig,d,fortran,objc,obj-c++ --prefix=/usr --with-gcc-major-version-only --with-as=/usr/bin/x86_64-linux-gnu-as --with-ld=/usr/bin/x86_64-linux-gnu-ld --program-suffix=-7 --program-prefix=x86_64-linux-gnu- --enable-shared --enable-linker-build-id --libexecdir=/usr/lib --without-included-gettext --enable-threads=posix --libdir=/usr/lib --enable-nls --with-sysroot=/ --enable-clocale=gnu --enable-libstdcxx-debug --enable-libstdcxx-time=yes --with-default-libstdcxx-abi=new --enable-gnu-unique-object --disable-vtable-verify --enable-libmpx --enable-plugin --enable-default-pie --with-system-zlib --with-target-system-zlib --enable-objc-gc=auto --enable-multiarch --disable-werror --with-arch-32=i686 --with-abi=m64 --with-multilib-list=m32,m64,mx32 --enable-multilib --with-tune=generic --enable-offload-targets=nvptx-none --without-cuda-driver --enable-checking=release --build=x86_64-linux-gnu --host=x86_64-linux-gnu --target=x86_64-linux-gnu]
  ignore line: [Thread model: posix]
  ignore line: [gcc version 7.3.0 (Ubuntu 7.3.0-16ubuntu3) ]
  ignore line: [COMPILER_PATH=/usr/lib/gcc/x86_64-linux-gnu/7/:/usr/lib/gcc/x86_64-linux-gnu/7/:/usr/lib/gcc/x86_64-linux-gnu/:/usr/lib/gcc/x86_64-linux-gnu/7/:/usr/lib/gcc/x86_64-linux-gnu/]
  ignore line: [LIBRARY_PATH=/usr/lib/gcc/x86_64-linux-gnu/7/:/usr/lib/gcc/x86_64-linux-gnu/7/../../../x86_64-linux-gnu/:/usr/lib/gcc/x86_64-linux-gnu/7/../../../../lib/:/lib/x86_64-linux-gnu/:/lib/../lib/:/usr/lib/x86_64-linux-gnu/:/usr/lib/../lib/:/usr/lib/gcc/x86_64-linux-gnu/7/../../../:/lib/:/usr/lib/]
  ignore line: [COLLECT_GCC_OPTIONS='-v' '-rdynamic' '-o' 'cmTC_ba9b8' '-mtune=generic' '-march=x86-64']
  link line: [ /usr/lib/gcc/x86_64-linux-gnu/7/collect2 -plugin /usr/lib/gcc/x86_64-linux-gnu/7/liblto_plugin.so -plugin-opt=/usr/lib/gcc/x86_64-linux-gnu/7/lto-wrapper -plugin-opt=-fresolution=/tmp/ccfwYQW4.res -plugin-opt=-pass-through=-lgcc -plugin-opt=-pass-through=-lgcc_s -plugin-opt=-pass-through=-lc -plugin-opt=-pass-through=-lgcc -plugin-opt=-pass-through=-lgcc_s --sysroot=/ --build-id --eh-frame-hdr -m elf_x86_64 --hash-style=gnu --as-needed -export-dynamic -dynamic-linker /lib64/ld-linux-x86-64.so.2 -pie -z now -z relro -o cmTC_ba9b8 /usr/lib/gcc/x86_64-linux-gnu/7/../../../x86_64-linux-gnu/Scrt1.o /usr/lib/gcc/x86_64-linux-gnu/7/../../../x86_64-linux-gnu/crti.o /usr/lib/gcc/x86_64-linux-gnu/7/crtbeginS.o -L/usr/lib/gcc/x86_64-linux-gnu/7 -L/usr/lib/gcc/x86_64-linux-gnu/7/../../../x86_64-linux-gnu -L/usr/lib/gcc/x86_64-linux-gnu/7/../../../../lib -L/lib/x86_64-linux-gnu -L/lib/../lib -L/usr/lib/x86_64-linux-gnu -L/usr/lib/../lib -L/usr/lib/gcc/x86_64-linux-gnu/7/../../.. CMakeFiles/cmTC_ba9b8.dir/CMakeCCompilerABI.c.o -lgcc --push-state --as-needed -lgcc_s --pop-state -lc -lgcc --push-state --as-needed -lgcc_s --pop-state /usr/lib/gcc/x86_64-linux-gnu/7/crtendS.o /usr/lib/gcc/x86_64-linux-gnu/7/../../../x86_64-linux-gnu/crtn.o]
    arg [/usr/lib/gcc/x86_64-linux-gnu/7/collect2] ==> ignore
    arg [-plugin] ==> ignore
    arg [/usr/lib/gcc/x86_64-linux-gnu/7/liblto_plugin.so] ==> ignore
    arg [-plugin-opt=/usr/lib/gcc/x86_64-linux-gnu/7/lto-wrapper] ==> ignore
    arg [-plugin-opt=-fresolution=/tmp/ccfwYQW4.res] ==> ignore
    arg [-plugin-opt=-pass-through=-lgcc] ==> ignore
    arg [-plugin-opt=-pass-through=-lgcc_s] ==> ignore
    arg [-plugin-opt=-pass-through=-lc] ==> ignore
    arg [-plugin-opt=-pass-through=-lgcc] ==> ignore
    arg [-plugin-opt=-pass-through=-lgcc_s] ==> ignore
    arg [--sysroot=/] ==> ignore
    arg [--build-id] ==> ignore
    arg [--eh-frame-hdr] ==> ignore
    arg [-m] ==> ignore
    arg [elf_x86_64] ==> ignore
    arg [--hash-style=gnu] ==> ignore
    arg [--as-needed] ==> ignore
    arg [-export-dynamic] ==> ignore
    arg [-dynamic-linker] ==> ignore
    arg [/lib64/ld-linux-x86-64.so.2] ==> ignore
    arg [-pie] ==> ignore
    arg [-znow] ==> ignore
    arg [-zrelro] ==> ignore
    arg [-o] ==> ignore
    arg [cmTC_ba9b8] ==> ignore
    arg [/usr/lib/gcc/x86_64-linux-gnu/7/../../../x86_64-linux-gnu/Scrt1.o] ==> ignore
    arg [/usr/lib/gcc/x86_64-linux-gnu/7/../../../x86_64-linux-gnu/crti.o] ==> ignore
    arg [/usr/lib/gcc/x86_64-linux-gnu/7/crtbeginS.o] ==> ignore
    arg [-L/usr/lib/gcc/x86_64-linux-gnu/7] ==> dir [/usr/lib/gcc/x86_64-linux-gnu/7]
    arg [-L/usr/lib/gcc/x86_64-linux-gnu/7/../../../x86_64-linux-gnu] ==> dir [/usr/lib/gcc/x86_64-linux-gnu/7/../../../x86_64-linux-gnu]
    arg [-L/usr/lib/gcc/x86_64-linux-gnu/7/../../../../lib] ==> dir [/usr/lib/gcc/x86_64-linux-gnu/7/../../../../lib]
    arg [-L/lib/x86_64-linux-gnu] ==> dir [/lib/x86_64-linux-gnu]
    arg [-L/lib/../lib] ==> dir [/lib/../lib]
    arg [-L/usr/lib/x86_64-linux-gnu] ==> dir [/usr/lib/x86_64-linux-gnu]
    arg [-L/usr/lib/../lib] ==> dir [/usr/lib/../lib]
    arg [-L/usr/lib/gcc/x86_64-linux-gnu/7/../../..] ==> dir [/usr/lib/gcc/x86_64-linux-gnu/7/../../..]
    arg [CMakeFiles/cmTC_ba9b8.dir/CMakeCCompilerABI.c.o] ==> ignore
    arg [-lgcc] ==> lib [gcc]
    arg [--push-state] ==> ignore
    arg [--as-needed] ==> ignore
    arg [-lgcc_s] ==> lib [gcc_s]
    arg [--pop-state] ==> ignore
    arg [-lc] ==> lib [c]
    arg [-lgcc] ==> lib [gcc]
    arg [--push-state] ==> ignore
    arg [--as-needed] ==> ignore
    arg [-lgcc_s] ==> lib [gcc_s]
    arg [--pop-state] ==> ignore
    arg [/usr/lib/gcc/x86_64-linux-gnu/7/crtendS.o] ==> ignore
    arg [/usr/lib/gcc/x86_64-linux-gnu/7/../../../x86_64-linux-gnu/crtn.o] ==> ignore
  collapse library dir [/usr/lib/gcc/x86_64-linux-gnu/7] ==> [/usr/lib/gcc/x86_64-linux-gnu/7]
  collapse library dir [/usr/lib/gcc/x86_64-linux-gnu/7/../../../x86_64-linux-gnu] ==> [/usr/lib/x86_64-linux-gnu]
  collapse library dir [/usr/lib/gcc/x86_64-linux-gnu/7/../../../../lib] ==> [/usr/lib]
  collapse library dir [/lib/x86_64-linux-gnu] ==> [/lib/x86_64-linux-gnu]
  collapse library dir [/lib/../lib] ==> [/lib]
  collapse library dir [/usr/lib/x86_64-linux-gnu] ==> [/usr/lib/x86_64-linux-gnu]
  collapse library dir [/usr/lib/../lib] ==> [/usr/lib]
  collapse library dir [/usr/lib/gcc/x86_64-linux-gnu/7/../../..] ==> [/usr/lib]
  implicit libs: [gcc;gcc_s;c;gcc;gcc_s]
  implicit dirs: [/usr/lib/gcc/x86_64-linux-gnu/7;/usr/lib/x86_64-linux-gnu;/usr/lib;/lib/x86_64-linux-gnu;/lib]
  implicit fwks: []




Detecting C [-std=c11] compiler features compiled with the following output:
Change Dir: /home/e20180009306/Bureau/MasterImagina/IMAGINA_S3/Informatique_graphique/TP3/TP3_lissage/build/CMakeFiles/CMakeTmp

Run Build Command:"/usr/bin/make" "cmTC_9e03f/fast"
/usr/bin/make -f CMakeFiles/cmTC_9e03f.dir/build.make CMakeFiles/cmTC_9e03f.dir/build
make[1] : on entre dans le répertoire « /home/e20180009306/Bureau/MasterImagina/IMAGINA_S3/Informatique_graphique/TP3/TP3_lissage/build/CMakeFiles/CMakeTmp »
Building C object CMakeFiles/cmTC_9e03f.dir/feature_tests.c.o
/usr/bin/cc   -std=c11 -o CMakeFiles/cmTC_9e03f.dir/feature_tests.c.o   -c /home/e20180009306/Bureau/MasterImagina/IMAGINA_S3/Informatique_graphique/TP3/TP3_lissage/build/CMakeFiles/feature_tests.c
Linking C executable cmTC_9e03f
/usr/bin/cmake -E cmake_link_script CMakeFiles/cmTC_9e03f.dir/link.txt --verbose=1
/usr/bin/cc      -rdynamic CMakeFiles/cmTC_9e03f.dir/feature_tests.c.o  -o cmTC_9e03f 
make[1] : on quitte le répertoire « /home/e20180009306/Bureau/MasterImagina/IMAGINA_S3/Informatique_graphique/TP3/TP3_lissage/build/CMakeFiles/CMakeTmp »


    Feature record: C_FEATURE:1c_function_prototypes
    Feature record: C_FEATURE:1c_restrict
    Feature record: C_FEATURE:1c_static_assert
    Feature record: C_FEATURE:1c_variadic_macros


Detecting C [-std=c99] compiler features compiled with the following output:
Change Dir: /home/e20180009306/Bureau/MasterImagina/IMAGINA_S3/Informatique_graphique/TP3/TP3_lissage/build/CMakeFiles/CMakeTmp

Run Build Command:"/usr/bin/make" "cmTC_f2527/fast"
/usr/bin/make -f CMakeFiles/cmTC_f2527.dir/build.make CMakeFiles/cmTC_f2527.dir/build
make[1] : on entre dans le répertoire « /home/e20180009306/Bureau/MasterImagina/IMAGINA_S3/Informatique_graphique/TP3/TP3_lissage/build/CMakeFiles/CMakeTmp »
Building C object CMakeFiles/cmTC_f2527.dir/feature_tests.c.o
/usr/bin/cc   -std=c99 -o CMakeFiles/cmTC_f2527.dir/feature_tests.c.o   -c /home/e20180009306/Bureau/MasterImagina/IMAGINA_S3/Informatique_graphique/TP3/TP3_lissage/build/CMakeFiles/feature_tests.c
Linking C executable cmTC_f2527
/usr/bin/cmake -E cmake_link_script CMakeFiles/cmTC_f2527.dir/link.txt --verbose=1
/usr/bin/cc      -rdynamic CMakeFiles/cmTC_f2527.dir/feature_tests.c.o  -o cmTC_f2527 
make[1] : on quitte le répertoire « /home/e20180009306/Bureau/MasterImagina/IMAGINA_S3/Informatique_graphique/TP3/TP3_lissage/build/CMakeFiles/CMakeTmp »


    Feature record: C_FEATURE:1c_function_prototypes
    Feature record: C_FEATURE:1c_restrict
    Feature record: C_FEATURE:0c_static_assert
    Feature record: C_FEATURE:1c_variadic_macros


Detecting C [-std=c90] compiler features compiled with the following output:
Change Dir: /home/e20180009306/Bureau/MasterImagina/IMAGINA_S3/Informatique_graphique/TP3/TP3_lissage/build/CMakeFiles/CMakeTmp

Run Build Command:"/usr/bin/make" "cmTC_09961/fast"
/usr/bin/make -f CMakeFiles/cmTC_09961.dir/build.make CMakeFiles/cmTC_09961.dir/build
make[1] : on entre dans le répertoire « /home/e20180009306/Bureau/MasterImagina/IMAGINA_S3/Informatique_graphique/TP3/TP3_lissage/build/CMakeFiles/CMakeTmp »
Building C object CMakeFiles/cmTC_09961.dir/feature_tests.c.o
/usr/bin/cc   -std=c90 -o CMakeFiles/cmTC_09961.dir/feature_tests.c.o   -c /home/e20180009306/Bureau/MasterImagina/IMAGINA_S3/Informatique_graphique/TP3/TP3_lissage/build/CMakeFiles/feature_tests.c
Linking C executable cmTC_09961
/usr/bin/cmake -E cmake_link_script CMakeFiles/cmTC_09961.dir/link.txt --verbose=1
/usr/bin/cc      -rdynamic CMakeFiles/cmTC_09961.dir/feature_tests.c.o  -o cmTC_09961 
make[1] : on quitte le répertoire « /home/e20180009306/Bureau/MasterImagina/IMAGINA_S3/Informatique_graphique/TP3/TP3_lissage/build/CMakeFiles/CMakeTmp »


    Feature record: C_FEATURE:1c_function_prototypes
    Feature record: C_FEATURE:0c_restrict
    Feature record: C_FEATURE:0c_static_assert
    Feature record: C_FEATURE:0c_variadic_macros
Determining if the CXX compiler works passed with the following output:
Change Dir: /home/e20180009306/Bureau/MasterImagina/IMAGINA_S3/Informatique_graphique/TP3/TP3_lissage/build/CMakeFiles/CMakeTmp

Run Build Command:"/usr/bin/make" "cmTC_05803/fast"
/usr/bin/make -f CMakeFiles/cmTC_05803.dir/build.make CMakeFiles/cmTC_05803.dir/build
make[1] : on entre dans le répertoire « /home/e20180009306/Bureau/MasterImagina/IMAGINA_S3/Informatique_graphique/TP3/TP3_lissage/build/CMakeFiles/CMakeTmp »
Building CXX object CMakeFiles/cmTC_05803.dir/testCXXCompiler.cxx.o
/usr/bin/c++     -o CMakeFiles/cmTC_05803.dir/testCXXCompiler.cxx.o -c /home/e20180009306/Bureau/MasterImagina/IMAGINA_S3/Informatique_graphique/TP3/TP3_lissage/build/CMakeFiles/CMakeTmp/testCXXCompiler.cxx
Linking CXX executable cmTC_05803
/usr/bin/cmake -E cmake_link_script CMakeFiles/cmTC_05803.dir/link.txt --verbose=1
/usr/bin/c++       -rdynamic CMakeFiles/cmTC_05803.dir/testCXXCompiler.cxx.o  -o cmTC_05803 
make[1] : on quitte le répertoire « /home/e20180009306/Bureau/MasterImagina/IMAGINA_S3/Informatique_graphique/TP3/TP3_lissage/build/CMakeFiles/CMakeTmp »


Detecting CXX compiler ABI info compiled with the following output:
Change Dir: /home/e20180009306/Bureau/MasterImagina/IMAGINA_S3/Informatique_graphique/TP3/TP3_lissage/build/CMakeFiles/CMakeTmp

Run Build Command:"/usr/bin/make" "cmTC_ac714/fast"
/usr/bin/make -f CMakeFiles/cmTC_ac714.dir/build.make CMakeFiles/cmTC_ac714.dir/build
make[1] : on entre dans le répertoire « /home/e20180009306/Bureau/MasterImagina/IMAGINA_S3/Informatique_graphique/TP3/TP3_lissage/build/CMakeFiles/CMakeTmp »
Building CXX object CMakeFiles/cmTC_ac714.dir/CMakeCXXCompilerABI.cpp.o
/usr/bin/c++     -o CMakeFiles/cmTC_ac714.dir/CMakeCXXCompilerABI.cpp.o -c /usr/share/cmake-3.10/Modules/CMakeCXXCompilerABI.cpp
Linking CXX executable cmTC_ac714
/usr/bin/cmake -E cmake_link_script CMakeFiles/cmTC_ac714.dir/link.txt --verbose=1
/usr/bin/c++      -v -rdynamic CMakeFiles/cmTC_ac714.dir/CMakeCXXCompilerABI.cpp.o  -o cmTC_ac714 
Using built-in specs.
COLLECT_GCC=/usr/bin/c++
COLLECT_LTO_WRAPPER=/usr/lib/gcc/x86_64-linux-gnu/7/lto-wrapper
OFFLOAD_TARGET_NAMES=nvptx-none
OFFLOAD_TARGET_DEFAULT=1
Target: x86_64-linux-gnu
Configured with: ../src/configure -v --with-pkgversion='Ubuntu 7.3.0-16ubuntu3' --with-bugurl=file:///usr/share/doc/gcc-7/README.Bugs --enable-languages=c,ada,c++,go,brig,d,fortran,objc,obj-c++ --prefix=/usr --with-gcc-major-version-only --with-as=/usr/bin/x86_64-linux-gnu-as --with-ld=/usr/bin/x86_64-linux-gnu-ld --program-suffix=-7 --program-prefix=x86_64-linux-gnu- --enable-shared --enable-linker-build-id --libexecdir=/usr/lib --without-included-gettext --enable-threads=posix --libdir=/usr/lib --enable-nls --with-sysroot=/ --enable-clocale=gnu --enable-libstdcxx-debug --enable-libstdcxx-time=yes --with-default-libstdcxx-abi=new --enable-gnu-unique-object --disable-vtable-verify --enable-libmpx --enable-plugin --enable-default-pie --with-system-zlib --with-target-system-zlib --enable-objc-gc=auto --enable-multiarch --disable-werror --with-arch-32=i686 --with-abi=m64 --with-multilib-list=m32,m64,mx32 --enable-multilib --with-tune=generic --enable-offload-targets=nvptx-none --without-cuda-driver --enable-checking=release --build=x86_64-linux-gnu --host=x86_64-linux-gnu --target=x86_64-linux-gnu
Thread model: posix
gcc version 7.3.0 (Ubuntu 7.3.0-16ubuntu3) 
COMPILER_PATH=/usr/lib/gcc/x86_64-linux-gnu/7/:/usr/lib/gcc/x86_64-linux-gnu/7/:/usr/lib/gcc/x86_64-linux-gnu/:/usr/lib/gcc/x86_64-linux-gnu/7/:/usr/lib/gcc/x86_64-linux-gnu/
LIBRARY_PATH=/usr/lib/gcc/x86_64-linux-gnu/7/:/usr/lib/gcc/x86_64-linux-gnu/7/../../../x86_64-linux-gnu/:/usr/lib/gcc/x86_64-linux-gnu/7/../../../../lib/:/lib/x86_64-linux-gnu/:/lib/../lib/:/usr/lib/x86_64-linux-gnu/:/usr/lib/../lib/:/usr/lib/gcc/x86_64-linux-gnu/7/../../../:/lib/:/usr/lib/
COLLECT_GCC_OPTIONS='-v' '-rdynamic' '-o' 'cmTC_ac714' '-shared-libgcc' '-mtune=generic' '-march=x86-64'
 /usr/lib/gcc/x86_64-linux-gnu/7/collect2 -plugin /usr/lib/gcc/x86_64-linux-gnu/7/liblto_plugin.so -plugin-opt=/usr/lib/gcc/x86_64-linux-gnu/7/lto-wrapper -plugin-opt=-fresolution=/tmp/ccx9E4qx.res -plugin-opt=-pass-through=-lgcc_s -plugin-opt=-pass-through=-lgcc -plugin-opt=-pass-through=-lc -plugin-opt=-pass-through=-lgcc_s -plugin-opt=-pass-through=-lgcc --sysroot=/ --build-id --eh-frame-hdr -m elf_x86_64 --hash-style=gnu --as-needed -export-dynamic -dynamic-linker /lib64/ld-linux-x86-64.so.2 -pie -z now -z relro -o cmTC_ac714 /usr/lib/gcc/x86_64-linux-gnu/7/../../../x86_64-linux-gnu/Scrt1.o /usr/lib/gcc/x86_64-linux-gnu/7/../../../x86_64-linux-gnu/crti.o /usr/lib/gcc/x86_64-linux-gnu/7/crtbeginS.o -L/usr/lib/gcc/x86_64-linux-gnu/7 -L/usr/lib/gcc/x86_64-linux-gnu/7/../../../x86_64-linux-gnu -L/usr/lib/gcc/x86_64-linux-gnu/7/../../../../lib -L/lib/x86_64-linux-gnu -L/lib/../lib -L/usr/lib/x86_64-linux-gnu -L/usr/lib/../lib -L/usr/lib/gcc/x86_64-linux-gnu/7/../../.. CMakeFiles/cmTC_ac714.dir/CMakeCXXCompilerABI.cpp.o -lstdc++ -lm -lgcc_s -lgcc -lc -lgcc_s -lgcc /usr/lib/gcc/x86_64-linux-gnu/7/crtendS.o /usr/lib/gcc/x86_64-linux-gnu/7/../../../x86_64-linux-gnu/crtn.o
COLLECT_GCC_OPTIONS='-v' '-rdynamic' '-o' 'cmTC_ac714' '-shared-libgcc' '-mtune=generic' '-march=x86-64'
make[1] : on quitte le répertoire « /home/e20180009306/Bureau/MasterImagina/IMAGINA_S3/Informatique_graphique/TP3/TP3_lissage/build/CMakeFiles/CMakeTmp »


Parsed CXX implicit link information from above output:
  link line regex: [^( *|.*[/\])(ld|CMAKE_LINK_STARTFILE-NOTFOUND|([^/\]+-)?ld|collect2)[^/\]*( |$)]
  ignore line: [Change Dir: /home/e20180009306/Bureau/MasterImagina/IMAGINA_S3/Informatique_graphique/TP3/TP3_lissage/build/CMakeFiles/CMakeTmp]
  ignore line: []
  ignore line: [Run Build Command:"/usr/bin/make" "cmTC_ac714/fast"]
  ignore line: [/usr/bin/make -f CMakeFiles/cmTC_ac714.dir/build.make CMakeFiles/cmTC_ac714.dir/build]
  ignore line: [make[1] : on entre dans le répertoire « /home/e20180009306/Bureau/MasterImagina/IMAGINA_S3/Informatique_graphique/TP3/TP3_lissage/build/CMakeFiles/CMakeTmp »]
  ignore line: [Building CXX object CMakeFiles/cmTC_ac714.dir/CMakeCXXCompilerABI.cpp.o]
  ignore line: [/usr/bin/c++     -o CMakeFiles/cmTC_ac714.dir/CMakeCXXCompilerABI.cpp.o -c /usr/share/cmake-3.10/Modules/CMakeCXXCompilerABI.cpp]
  ignore line: [Linking CXX executable cmTC_ac714]
  ignore line: [/usr/bin/cmake -E cmake_link_script CMakeFiles/cmTC_ac714.dir/link.txt --verbose=1]
  ignore line: [/usr/bin/c++      -v -rdynamic CMakeFiles/cmTC_ac714.dir/CMakeCXXCompilerABI.cpp.o  -o cmTC_ac714 ]
  ignore line: [Using built-in specs.]
  ignore line: [COLLECT_GCC=/usr/bin/c++]
  ignore line: [COLLECT_LTO_WRAPPER=/usr/lib/gcc/x86_64-linux-gnu/7/lto-wrapper]
  ignore line: [OFFLOAD_TARGET_NAMES=nvptx-none]
  ignore line: [OFFLOAD_TARGET_DEFAULT=1]
  ignore line: [Target: x86_64-linux-gnu]
  ignore line: [Configured with: ../src/configure -v --with-pkgversion='Ubuntu 7.3.0-16ubuntu3' --with-bugurl=file:///usr/share/doc/gcc-7/README.Bugs --enable-languages=c,ada,c++,go,brig,d,fortran,objc,obj-c++ --prefix=/usr --with-gcc-major-version-only --with-as=/usr/bin/x86_64-linux-gnu-as --with-ld=/usr/bin/x86_64-linux-gnu-ld --program-suffix=-7 --program-prefix=x86_64-linux-gnu- --enable-shared --enable-linker-build-id --libexecdir=/usr/lib --without-included-gettext --enable-threads=posix --libdir=/usr/lib --enable-nls --with-sysroot=/ --enable-clocale=gnu --enable-libstdcxx-debug --enable-libstdcxx-time=yes --with-default-libstdcxx-abi=new --enable-gnu-unique-object --disable-vtable-verify --enable-libmpx --enable-plugin --enable-default-pie --with-system-zlib --with-target-system-zlib --enable-objc-gc=auto --enable-multiarch --disable-werror --with-arch-32=i686 --with-abi=m64 --with-multilib-list=m32,m64,mx32 --enable-multilib --with-tune=generic --enable-offload-targets=nvptx-none --without-cuda-driver --enable-checking=release --build=x86_64-linux-gnu --host=x86_64-linux-gnu --target=x86_64-linux-gnu]
  ignore line: [Thread model: posix]
  ignore line: [gcc version 7.3.0 (Ubuntu 7.3.0-16ubuntu3) ]
  ignore line: [COMPILER_PATH=/usr/lib/gcc/x86_64-linux-gnu/7/:/usr/lib/gcc/x86_64-linux-gnu/7/:/usr/lib/gcc/x86_64-linux-gnu/:/usr/lib/gcc/x86_64-linux-gnu/7/:/usr/lib/gcc/x86_64-linux-gnu/]
  ignore line: [LIBRARY_PATH=/usr/lib/gcc/x86_64-linux-gnu/7/:/usr/lib/gcc/x86_64-linux-gnu/7/../../../x86_64-linux-gnu/:/usr/lib/gcc/x86_64-linux-gnu/7/../../../../lib/:/lib/x86_64-linux-gnu/:/lib/../lib/:/usr/lib/x86_64-linux-gnu/:/usr/lib/../lib/:/usr/lib/gcc/x86_64-linux-gnu/7/../../../:/lib/:/usr/lib/]
  ignore line: [COLLECT_GCC_OPTIONS='-v' '-rdynamic' '-o' 'cmTC_ac714' '-shared-libgcc' '-mtune=generic' '-march=x86-64']
  link line: [ /usr/lib/gcc/x86_64-linux-gnu/7/collect2 -plugin /usr/lib/gcc/x86_64-linux-gnu/7/liblto_plugin.so -plugin-opt=/usr/lib/gcc/x86_64-linux-gnu/7/lto-wrapper -plugin-opt=-fresolution=/tmp/ccx9E4qx.res -plugin-opt=-pass-through=-lgcc_s -plugin-opt=-pass-through=-lgcc -plugin-opt=-pass-through=-lc -plugin-opt=-pass-through=-lgcc_s -plugin-opt=-pass-through=-lgcc --sysroot=/ --build-id --eh-frame-hdr -m elf_x86_64 --hash-style=gnu --as-needed -export-dynamic -dynamic-linker /lib64/ld-linux-x86-64.so.2 -pie -z now -z relro -o cmTC_ac714 /usr/lib/gcc/x86_64-linux-gnu/7/../../../x86_64-linux-gnu/Scrt1.o /usr/lib/gcc/x86_64-linux-gnu/7/../../../x86_64-linux-gnu/crti.o /usr/lib/gcc/x86_64-linux-gnu/7/crtbeginS.o -L/usr/lib/gcc/x86_64-linux-gnu/7 -L/usr/lib/gcc/x86_64-linux-gnu/7/../../../x86_64-linux-gnu -L/usr/lib/gcc/x86_64-linux-gnu/7/../../../../lib -L/lib/x86_64-linux-gnu -L/lib/../lib -L/usr/lib/x86_64-linux-gnu -L/usr/lib/../lib -L/usr/lib/gcc/x86_64-linux-gnu/7/../../.. CMakeFiles/cmTC_ac714.dir/CMakeCXXCompilerABI.cpp.o -lstdc++ -lm -lgcc_s -lgcc -lc -lgcc_s -lgcc /usr/lib/gcc/x86_64-linux-gnu/7/crtendS.o /usr/lib/gcc/x86_64-linux-gnu/7/../../../x86_64-linux-gnu/crtn.o]
    arg [/usr/lib/gcc/x86_64-linux-gnu/7/collect2] ==> ignore
    arg [-plugin] ==> ignore
    arg [/usr/lib/gcc/x86_64-linux-gnu/7/liblto_plugin.so] ==> ignore
    arg [-plugin-opt=/usr/lib/gcc/x86_64-linux-gnu/7/lto-wrapper] ==> ignore
    arg [-plugin-opt=-fresolution=/tmp/ccx9E4qx.res] ==> ignore
    arg [-plugin-opt=-pass-through=-lgcc_s] ==> ignore
    arg [-plugin-opt=-pass-through=-lgcc] ==> ignore
    arg [-plugin-opt=-pass-through=-lc] ==> ignore
    arg [-plugin-opt=-pass-through=-lgcc_s] ==> ignore
    arg [-plugin-opt=-pass-through=-lgcc] ==> ignore
    arg [--sysroot=/] ==> ignore
    arg [--build-id] ==> ignore
    arg [--eh-frame-hdr] ==> ignore
    arg [-m] ==> ignore
    arg [elf_x86_64] ==> ignore
    arg [--hash-style=gnu] ==> ignore
    arg [--as-needed] ==> ignore
    arg [-export-dynamic] ==> ignore
    arg [-dynamic-linker] ==> ignore
    arg [/lib64/ld-linux-x86-64.so.2] ==> ignore
    arg [-pie] ==> ignore
    arg [-znow] ==> ignore
    arg [-zrelro] ==> ignore
    arg [-o] ==> ignore
    arg [cmTC_ac714] ==> ignore
    arg [/usr/lib/gcc/x86_64-linux-gnu/7/../../../x86_64-linux-gnu/Scrt1.o] ==> ignore
    arg [/usr/lib/gcc/x86_64-linux-gnu/7/../../../x86_64-linux-gnu/crti.o] ==> ignore
    arg [/usr/lib/gcc/x86_64-linux-gnu/7/crtbeginS.o] ==> ignore
    arg [-L/usr/lib/gcc/x86_64-linux-gnu/7] ==> dir [/usr/lib/gcc/x86_64-linux-gnu/7]
    arg [-L/usr/lib/gcc/x86_64-linux-gnu/7/../../../x86_64-linux-gnu] ==> dir [/usr/lib/gcc/x86_64-linux-gnu/7/../../../x86_64-linux-gnu]
    arg [-L/usr/lib/gcc/x86_64-linux-gnu/7/../../../../lib] ==> dir [/usr/lib/gcc/x86_64-linux-gnu/7/../../../../lib]
    arg [-L/lib/x86_64-linux-gnu] ==> dir [/lib/x86_64-linux-gnu]
    arg [-L/lib/../lib] ==> dir [/lib/../lib]
    arg [-L/usr/lib/x86_64-linux-gnu] ==> dir [/usr/lib/x86_64-linux-gnu]
    arg [-L/usr/lib/../lib] ==> dir [/usr/lib/../lib]
    arg [-L/usr/lib/gcc/x86_64-linux-gnu/7/../../..] ==> dir [/usr/lib/gcc/x86_64-linux-gnu/7/../../..]
    arg [CMakeFiles/cmTC_ac714.dir/CMakeCXXCompilerABI.cpp.o] ==> ignore
    arg [-lstdc++] ==> lib [stdc++]
    arg [-lm] ==> lib [m]
    arg [-lgcc_s] ==> lib [gcc_s]
    arg [-lgcc] ==> lib [gcc]
    arg [-lc] ==> lib [c]
    arg [-lgcc_s] ==> lib [gcc_s]
    arg [-lgcc] ==> lib [gcc]
    arg [/usr/lib/gcc/x86_64-linux-gnu/7/crtendS.o] ==> ignore
    arg [/usr/lib/gcc/x86_64-linux-gnu/7/../../../x86_64-linux-gnu/crtn.o] ==> ignore
  collapse library dir [/usr/lib/gcc/x86_64-linux-gnu/7] ==> [/usr/lib/gcc/x86_64-linux-gnu/7]
  collapse library dir [/usr/lib/gcc/x86_64-linux-gnu/7/../../../x86_64-linux-gnu] ==> [/usr/lib/x86_64-linux-gnu]
  collapse library dir [/usr/lib/gcc/x86_64-linux-gnu/7/../../../../lib] ==> [/usr/lib]
  collapse library dir [/lib/x86_64-linux-gnu] ==> [/lib/x86_64-linux-gnu]
  collapse library dir [/lib/../lib] ==> [/lib]
  collapse library dir [/usr/lib/x86_64-linux-gnu] ==> [/usr/lib/x86_64-linux-gnu]
  collapse library dir [/usr/lib/../lib] ==> [/usr/lib]
  collapse library dir [/usr/lib/gcc/x86_64-linux-gnu/7/../../..] ==> [/usr/lib]
  implicit libs: [stdc++;m;gcc_s;gcc;c;gcc_s;gcc]
  implicit dirs: [/usr/lib/gcc/x86_64-linux-gnu/7;/usr/lib/x86_64-linux-gnu;/usr/lib;/lib/x86_64-linux-gnu;/lib]
  implicit fwks: []




Detecting CXX [-std=c++1z] compiler features compiled with the following output:
Change Dir: /home/e20180009306/Bureau/MasterImagina/IMAGINA_S3/Informatique_graphique/TP3/TP3_lissage/build/CMakeFiles/CMakeTmp

Run Build Command:"/usr/bin/make" "cmTC_df462/fast"
/usr/bin/make -f CMakeFiles/cmTC_df462.dir/build.make CMakeFiles/cmTC_df462.dir/build
make[1] : on entre dans le répertoire « /home/e20180009306/Bureau/MasterImagina/IMAGINA_S3/Informatique_graphique/TP3/TP3_lissage/build/CMakeFiles/CMakeTmp »
Building CXX object CMakeFiles/cmTC_df462.dir/feature_tests.cxx.o
/usr/bin/c++    -std=c++1z -o CMakeFiles/cmTC_df462.dir/feature_tests.cxx.o -c /home/e20180009306/Bureau/MasterImagina/IMAGINA_S3/Informatique_graphique/TP3/TP3_lissage/build/CMakeFiles/feature_tests.cxx
Linking CXX executable cmTC_df462
/usr/bin/cmake -E cmake_link_script CMakeFiles/cmTC_df462.dir/link.txt --verbose=1
/usr/bin/c++       -rdynamic CMakeFiles/cmTC_df462.dir/feature_tests.cxx.o  -o cmTC_df462 
make[1] : on quitte le répertoire « /home/e20180009306/Bureau/MasterImagina/IMAGINA_S3/Informatique_graphique/TP3/TP3_lissage/build/CMakeFiles/CMakeTmp »


    Feature record: CXX_FEATURE:1cxx_aggregate_default_initializers
    Feature record: CXX_FEATURE:1cxx_alias_templates
    Feature record: CXX_FEATURE:1cxx_alignas
    Feature record: CXX_FEATURE:1cxx_alignof
    Feature record: CXX_FEATURE:1cxx_attributes
    Feature record: CXX_FEATURE:1cxx_attribute_deprecated
    Feature record: CXX_FEATURE:1cxx_auto_type
    Feature record: CXX_FEATURE:1cxx_binary_literals
    Feature record: CXX_FEATURE:1cxx_constexpr
    Feature record: CXX_FEATURE:1cxx_contextual_conversions
    Feature record: CXX_FEATURE:1cxx_decltype
    Feature record: CXX_FEATURE:1cxx_decltype_auto
    Feature record: CXX_FEATURE:1cxx_decltype_incomplete_return_types
    Feature record: CXX_FEATURE:1cxx_default_function_template_args
    Feature record: CXX_FEATURE:1cxx_defaulted_functions
    Feature record: CXX_FEATURE:1cxx_defaulted_move_initializers
    Feature record: CXX_FEATURE:1cxx_delegating_constructors
    Feature record: CXX_FEATURE:1cxx_deleted_functions
    Feature record: CXX_FEATURE:1cxx_digit_separators
    Feature record: CXX_FEATURE:1cxx_enum_forward_declarations
    Feature record: CXX_FEATURE:1cxx_explicit_conversions
    Feature record: CXX_FEATURE:1cxx_extended_friend_declarations
    Feature record: CXX_FEATURE:1cxx_extern_templates
    Feature record: CXX_FEATURE:1cxx_final
    Feature record: CXX_FEATURE:1cxx_func_identifier
    Feature record: CXX_FEATURE:1cxx_generalized_initializers
    Feature record: CXX_FEATURE:1cxx_generic_lambdas
    Feature record: CXX_FEATURE:1cxx_inheriting_constructors
    Feature record: CXX_FEATURE:1cxx_inline_namespaces
    Feature record: CXX_FEATURE:1cxx_lambdas
    Feature record: CXX_FEATURE:1cxx_lambda_init_captures
    Feature record: CXX_FEATURE:1cxx_local_type_template_args
    Feature record: CXX_FEATURE:1cxx_long_long_type
    Feature record: CXX_FEATURE:1cxx_noexcept
    Feature record: CXX_FEATURE:1cxx_nonstatic_member_init
    Feature record: CXX_FEATURE:1cxx_nullptr
    Feature record: CXX_FEATURE:1cxx_override
    Feature record: CXX_FEATURE:1cxx_range_for
    Feature record: CXX_FEATURE:1cxx_raw_string_literals
    Feature record: CXX_FEATURE:1cxx_reference_qualified_functions
    Feature record: CXX_FEATURE:1cxx_relaxed_constexpr
    Feature record: CXX_FEATURE:1cxx_return_type_deduction
    Feature record: CXX_FEATURE:1cxx_right_angle_brackets
    Feature record: CXX_FEATURE:1cxx_rvalue_references
    Feature record: CXX_FEATURE:1cxx_sizeof_member
    Feature record: CXX_FEATURE:1cxx_static_assert
    Feature record: CXX_FEATURE:1cxx_strong_enums
    Feature record: CXX_FEATURE:1cxx_template_template_parameters
    Feature record: CXX_FEATURE:1cxx_thread_local
    Feature record: CXX_FEATURE:1cxx_trailing_return_types
    Feature record: CXX_FEATURE:1cxx_unicode_literals
    Feature record: CXX_FEATURE:1cxx_uniform_initialization
    Feature record: CXX_FEATURE:1cxx_unrestricted_unions
    Feature record: CXX_FEATURE:1cxx_user_literals
    Feature record: CXX_FEATURE:1cxx_variable_templates
    Feature record: CXX_FEATURE:1cxx_variadic_macros
    Feature record: CXX_FEATURE:1cxx_variadic_templates


Detecting CXX [-std=c++14] compiler features compiled with the following output:
Change Dir: /home/e20180009306/Bureau/MasterImagina/IMAGINA_S3/Informatique_graphique/TP3/TP3_lissage/build/CMakeFiles/CMakeTmp

Run Build Command:"/usr/bin/make" "cmTC_591bb/fast"
/usr/bin/make -f CMakeFiles/cmTC_591bb.dir/build.make CMakeFiles/cmTC_591bb.dir/build
make[1] : on entre dans le répertoire « /home/e20180009306/Bureau/MasterImagina/IMAGINA_S3/Informatique_graphique/TP3/TP3_lissage/build/CMakeFiles/CMakeTmp »
Building CXX object CMakeFiles/cmTC_591bb.dir/feature_tests.cxx.o
/usr/bin/c++    -std=c++14 -o CMakeFiles/cmTC_591bb.dir/feature_tests.cxx.o -c /home/e20180009306/Bureau/MasterImagina/IMAGINA_S3/Informatique_graphique/TP3/TP3_lissage/build/CMakeFiles/feature_tests.cxx
Linking CXX executable cmTC_591bb
/usr/bin/cmake -E cmake_link_script CMakeFiles/cmTC_591bb.dir/link.txt --verbose=1
/usr/bin/c++       -rdynamic CMakeFiles/cmTC_591bb.dir/feature_tests.cxx.o  -o cmTC_591bb 
make[1] : on quitte le répertoire « /home/e20180009306/Bureau/MasterImagina/IMAGINA_S3/Informatique_graphique/TP3/TP3_lissage/build/CMakeFiles/CMakeTmp »


    Feature record: CXX_FEATURE:1cxx_aggregate_default_initializers
    Feature record: CXX_FEATURE:1cxx_alias_templates
    Feature record: CXX_FEATURE:1cxx_alignas
    Feature record: CXX_FEATURE:1cxx_alignof
    Feature record: CXX_FEATURE:1cxx_attributes
    Feature record: CXX_FEATURE:1cxx_attribute_deprecated
    Feature record: CXX_FEATURE:1cxx_auto_type
    Feature record: CXX_FEATURE:1cxx_binary_literals
    Feature record: CXX_FEATURE:1cxx_constexpr
    Feature record: CXX_FEATURE:1cxx_contextual_conversions
    Feature record: CXX_FEATURE:1cxx_decltype
    Feature record: CXX_FEATURE:1cxx_decltype_auto
    Feature record: CXX_FEATURE:1cxx_decltype_incomplete_return_types
    Feature record: CXX_FEATURE:1cxx_default_function_template_args
    Feature record: CXX_FEATURE:1cxx_defaulted_functions
    Feature record: CXX_FEATURE:1cxx_defaulted_move_initializers
    Feature record: CXX_FEATURE:1cxx_delegating_constructors
    Feature record: CXX_FEATURE:1cxx_deleted_functions
    Feature record: CXX_FEATURE:1cxx_digit_separators
    Feature record: CXX_FEATURE:1cxx_enum_forward_declarations
    Feature record: CXX_FEATURE:1cxx_explicit_conversions
    Feature record: CXX_FEATURE:1cxx_extended_friend_declarations
    Feature record: CXX_FEATURE:1cxx_extern_templates
    Feature record: CXX_FEATURE:1cxx_final
    Feature record: CXX_FEATURE:1cxx_func_identifier
    Feature record: CXX_FEATURE:1cxx_generalized_initializers
    Feature record: CXX_FEATURE:1cxx_generic_lambdas
    Feature record: CXX_FEATURE:1cxx_inheriting_constructors
    Feature record: CXX_FEATURE:1cxx_inline_namespaces
    Feature record: CXX_FEATURE:1cxx_lambdas
    Feature record: CXX_FEATURE:1cxx_lambda_init_captures
    Feature record: CXX_FEATURE:1cxx_local_type_template_args
    Feature record: CXX_FEATURE:1cxx_long_long_type
    Feature record: CXX_FEATURE:1cxx_noexcept
    Feature record: CXX_FEATURE:1cxx_nonstatic_member_init
    Feature record: CXX_FEATURE:1cxx_nullptr
    Feature record: CXX_FEATURE:1cxx_override
    Feature record: CXX_FEATURE:1cxx_range_for
    Feature record: CXX_FEATURE:1cxx_raw_string_literals
    Feature record: CXX_FEATURE:1cxx_reference_qualified_functions
    Feature record: CXX_FEATURE:1cxx_relaxed_constexpr
    Feature record: CXX_FEATURE:1cxx_return_type_deduction
    Feature record: CXX_FEATURE:1cxx_right_angle_brackets
    Feature record: CXX_FEATURE:1cxx_rvalue_references
    Feature record: CXX_FEATURE:1cxx_sizeof_member
    Feature record: CXX_FEATURE:1cxx_static_assert
    Feature record: CXX_FEATURE:1cxx_strong_enums
    Feature record: CXX_FEATURE:1cxx_template_template_parameters
    Feature record: CXX_FEATURE:1cxx_thread_local
    Feature record: CXX_FEATURE:1cxx_trailing_return_types
    Feature record: CXX_FEATURE:1cxx_unicode_literals
    Feature record: CXX_FEATURE:1cxx_uniform_initialization
    Feature record: CXX_FEATURE:1cxx_unrestricted_unions
    Feature record: CXX_FEATURE:1cxx_user_literals
    Feature record: CXX_FEATURE:1cxx_variable_templates
    Feature record: CXX_FEATURE:1cxx_variadic_macros
    Feature record: CXX_FEATURE:1cxx_variadic_templates


Detecting CXX [-std=c++11] compiler features compiled with the following output:
Change Dir: /home/e20180009306/Bureau/MasterImagina/IMAGINA_S3/Informatique_graphique/TP3/TP3_lissage/build/CMakeFiles/CMakeTmp

Run Build Command:"/usr/bin/make" "cmTC_5c549/fast"
/usr/bin/make -f CMakeFiles/cmTC_5c549.dir/build.make CMakeFiles/cmTC_5c549.dir/build
make[1] : on entre dans le répertoire « /home/e20180009306/Bureau/MasterImagina/IMAGINA_S3/Informatique_graphique/TP3/TP3_lissage/build/CMakeFiles/CMakeTmp »
Building CXX object CMakeFiles/cmTC_5c549.dir/feature_tests.cxx.o
/usr/bin/c++    -std=c++11 -o CMakeFiles/cmTC_5c549.dir/feature_tests.cxx.o -c /home/e20180009306/Bureau/MasterImagina/IMAGINA_S3/Informatique_graphique/TP3/TP3_lissage/build/CMakeFiles/feature_tests.cxx
Linking CXX executable cmTC_5c549
/usr/bin/cmake -E cmake_link_script CMakeFiles/cmTC_5c549.dir/link.txt --verbose=1
/usr/bin/c++       -rdynamic CMakeFiles/cmTC_5c549.dir/feature_tests.cxx.o  -o cmTC_5c549 
make[1] : on quitte le répertoire « /home/e20180009306/Bureau/MasterImagina/IMAGINA_S3/Informatique_graphique/TP3/TP3_lissage/build/CMakeFiles/CMakeTmp »


    Feature record: CXX_FEATURE:0cxx_aggregate_default_initializers
    Feature record: CXX_FEATURE:1cxx_alias_templates
    Feature record: CXX_FEATURE:1cxx_alignas
    Feature record: CXX_FEATURE:1cxx_alignof
    Feature record: CXX_FEATURE:1cxx_attributes
    Feature record: CXX_FEATURE:0cxx_attribute_deprecated
    Feature record: CXX_FEATURE:1cxx_auto_type
    Feature record: CXX_FEATURE:0cxx_binary_literals
    Feature record: CXX_FEATURE:1cxx_constexpr
    Feature record: CXX_FEATURE:0cxx_contextual_conversions
    Feature record: CXX_FEATURE:1cxx_decltype
    Feature record: CXX_FEATURE:0cxx_decltype_auto
    Feature record: CXX_FEATURE:1cxx_decltype_incomplete_return_types
    Feature record: CXX_FEATURE:1cxx_default_function_template_args
    Feature record: CXX_FEATURE:1cxx_defaulted_functions
    Feature record: CXX_FEATURE:1cxx_defaulted_move_initializers
    Feature record: CXX_FEATURE:1cxx_delegating_constructors
    Feature record: CXX_FEATURE:1cxx_deleted_functions
    Feature record: CXX_FEATURE:0cxx_digit_separators
    Feature record: CXX_FEATURE:1cxx_enum_forward_declarations
    Feature record: CXX_FEATURE:1cxx_explicit_conversions
    Feature record: CXX_FEATURE:1cxx_extended_friend_declarations
    Feature record: CXX_FEATURE:1cxx_extern_templates
    Feature record: CXX_FEATURE:1cxx_final
    Feature record: CXX_FEATURE:1cxx_func_identifier
    Feature record: CXX_FEATURE:1cxx_generalized_initializers
    Feature record: CXX_FEATURE:0cxx_generic_lambdas
    Feature record: CXX_FEATURE:1cxx_inheriting_constructors
    Feature record: CXX_FEATURE:1cxx_inline_namespaces
    Feature record: CXX_FEATURE:1cxx_lambdas
    Feature record: CXX_FEATURE:0cxx_lambda_init_captures
    Feature record: CXX_FEATURE:1cxx_local_type_template_args
    Feature record: CXX_FEATURE:1cxx_long_long_type
    Feature record: CXX_FEATURE:1cxx_noexcept
    Feature record: CXX_FEATURE:1cxx_nonstatic_member_init
    Feature record: CXX_FEATURE:1cxx_nullptr
    Feature record: CXX_FEATURE:1cxx_override
    Feature record: CXX_FEATURE:1cxx_range_for
    Feature record: CXX_FEATURE:1cxx_raw_string_literals
    Feature record: CXX_FEATURE:1cxx_reference_qualified_functions
    Feature record: CXX_FEATURE:0cxx_relaxed_constexpr
    Feature record: CXX_FEATURE:0cxx_return_type_deduction
    Feature record: CXX_FEATURE:1cxx_right_angle_brackets
    Feature record: CXX_FEATURE:1cxx_rvalue_references
    Feature record: CXX_FEATURE:1cxx_sizeof_member
    Feature record: CXX_FEATURE:1cxx_static_assert
    Feature record: CXX_FEATURE:1cxx_strong_enums
    Feature record: CXX_FEATURE:1cxx_template_template_parameters
    Feature record: CXX_FEATURE:1cxx_thread_local
    Feature record: CXX_FEATURE:1cxx_trailing_return_types
    Feature record: CXX_FEATURE:1cxx_unicode_literals
    Feature record: CXX_FEATURE:1cxx_uniform_initialization
    Feature record: CXX_FEATURE:1cxx_unrestricted_unions
    Feature record: CXX_FEATURE:1cxx_user_literals
    Feature record: CXX_FEATURE:0cxx_variable_templates
    Feature record: CXX_FEATURE:1cxx_variadic_macros
    Feature record: CXX_FEATURE:1cxx_variadic_templates


Detecting CXX [-std=c++98] compiler features compiled with the following output:
Change Dir: /home/e20180009306/Bureau/MasterImagina/IMAGINA_S3/Informatique_graphique/TP3/TP3_lissage/build/CMakeFiles/CMakeTmp

Run Build Command:"/usr/bin/make" "cmTC_5a7d3/fast"
/usr/bin/make -f CMakeFiles/cmTC_5a7d3.dir/build.make CMakeFiles/cmTC_5a7d3.dir/build
make[1] : on entre dans le répertoire « /home/e20180009306/Bureau/MasterImagina/IMAGINA_S3/Informatique_graphique/TP3/TP3_lissage/build/CMakeFiles/CMakeTmp »
Building CXX object CMakeFiles/cmTC_5a7d3.dir/feature_tests.cxx.o
/usr/bin/c++    -std=c++98 -o CMakeFiles/cmTC_5a7d3.dir/feature_tests.cxx.o -c /home/e20180009306/Bureau/MasterImagina/IMAGINA_S3/Informatique_graphique/TP3/TP3_lissage/build/CMakeFiles/feature_tests.cxx
Linking CXX executable cmTC_5a7d3
/usr/bin/cmake -E cmake_link_script CMakeFiles/cmTC_5a7d3.dir/link.txt --verbose=1
/usr/bin/c++       -rdynamic CMakeFiles/cmTC_5a7d3.dir/feature_tests.cxx.o  -o cmTC_5a7d3 
make[1] : on quitte le répertoire « /home/e20180009306/Bureau/MasterImagina/IMAGINA_S3/Informatique_graphique/TP3/TP3_lissage/build/CMakeFiles/CMakeTmp »


    Feature record: CXX_FEATURE:0cxx_aggregate_default_initializers
    Feature record: CXX_FEATURE:0cxx_alias_templates
    Feature record: CXX_FEATURE:0cxx_alignas
    Feature record: CXX_FEATURE:0cxx_alignof
    Feature record: CXX_FEATURE:0cxx_attributes
    Feature record: CXX_FEATURE:0cxx_attribute_deprecated
    Feature record: CXX_FEATURE:0cxx_auto_type
    Feature record: CXX_FEATURE:0cxx_binary_literals
    Feature record: CXX_FEATURE:0cxx_constexpr
    Feature record: CXX_FEATURE:0cxx_contextual_conversions
    Feature record: CXX_FEATURE:0cxx_decltype
    Feature record: CXX_FEATURE:0cxx_decltype_auto
    Feature record: CXX_FEATURE:0cxx_decltype_incomplete_return_types
    Feature record: CXX_FEATURE:0cxx_default_function_template_args
    Feature record: CXX_FEATURE:0cxx_defaulted_functions
    Feature record: CXX_FEATURE:0cxx_defaulted_move_initializers
    Feature record: CXX_FEATURE:0cxx_delegating_constructors
    Feature record: CXX_FEATURE:0cxx_deleted_functions
    Feature record: CXX_FEATURE:0cxx_digit_separators
    Feature record: CXX_FEATURE:0cxx_enum_forward_declarations
    Feature record: CXX_FEATURE:0cxx_explicit_conversions
    Feature record: CXX_FEATURE:0cxx_extended_friend_declarations
    Feature record: CXX_FEATURE:0cxx_extern_templates
    Feature record: CXX_FEATURE:0cxx_final
    Feature record: CXX_FEATURE:0cxx_func_identifier
    Feature record: CXX_FEATURE:0cxx_generalized_initializers
    Feature record: CXX_FEATURE:0cxx_generic_lambdas
    Feature record: CXX_FEATURE:0cxx_inheriting_constructors
    Feature record: CXX_FEATURE:0cxx_inline_namespaces
    Feature record: CXX_FEATURE:0cxx_lambdas
    Feature record: CXX_FEATURE:0cxx_lambda_init_captures
    Feature record: CXX_FEATURE:0cxx_local_type_template_args
    Feature record: CXX_FEATURE:0cxx_long_long_type
    Feature record: CXX_FEATURE:0cxx_noexcept
    Feature record: CXX_FEATURE:0cxx_nonstatic_member_init
    Feature record: CXX_FEATURE:0cxx_nullptr
    Feature record: CXX_FEATURE:0cxx_override
    Feature record: CXX_FEATURE:0cxx_range_for
    Feature record: CXX_FEATURE:0cxx_raw_string_literals
    Feature record: CXX_FEATURE:0cxx_reference_qualified_functions
    Feature record: CXX_FEATURE:0cxx_relaxed_constexpr
    Feature record: CXX_FEATURE:0cxx_return_type_deduction
    Feature record: CXX_FEATURE:0cxx_right_angle_brackets
    Feature record: CXX_FEATURE:0cxx_rvalue_references
    Feature record: CXX_FEATURE:0cxx_sizeof_member
    Feature record: CXX_FEATURE:0cxx_static_assert
    Feature record: CXX_FEATURE:0cxx_strong_enums
    Feature record: CXX_FEATURE:1cxx_template_template_parameters
    Feature record: CXX_FEATURE:0cxx_thread_local
    Feature record: CXX_FEATURE:0cxx_trailing_return_types
    Feature record: CXX_FEATURE:0cxx_unicode_literals
    Feature record: CXX_FEATURE:0cxx_uniform_initialization
    Feature record: CXX_FEATURE:0cxx_unrestricted_unions
    Feature record: CXX_FEATURE:0cxx_user_literals
    Feature record: CXX_FEATURE:0cxx_variable_templates
    Feature record: CXX_FEATURE:0cxx_variadic_macros
    Feature record: CXX_FEATURE:0cxx_variadic_templates
Determining if the include file pthread.h exists passed with the following output:
Change Dir: /home/e20180009306/Bureau/MasterImagina/IMAGINA_S3/Informatique_graphique/TP3/TP3_lissage/build/CMakeFiles/CMakeTmp

Run Build Command:"/usr/bin/make" "cmTC_22de3/fast"
/usr/bin/make -f CMakeFiles/cmTC_22de3.dir/build.make CMakeFiles/cmTC_22de3.dir/build
make[1] : on entre dans le répertoire « /home/e20180009306/Bureau/MasterImagina/IMAGINA_S3/Informatique_graphique/TP3/TP3_lissage/build/CMakeFiles/CMakeTmp »
Building C object CMakeFiles/cmTC_22de3.dir/CheckIncludeFile.c.o
/usr/bin/cc    -o CMakeFiles/cmTC_22de3.dir/CheckIncludeFile.c.o   -c /home/e20180009306/Bureau/MasterImagina/IMAGINA_S3/Informatique_graphique/TP3/TP3_lissage/build/CMakeFiles/CMakeTmp/CheckIncludeFile.c
Linking C executable cmTC_22de3
/usr/bin/cmake -E cmake_link_script CMakeFiles/cmTC_22de3.dir/link.txt --verbose=1
/usr/bin/cc      -rdynamic CMakeFiles/cmTC_22de3.dir/CheckIncludeFile.c.o  -o cmTC_22de3 
make[1] : on quitte le répertoire « /home/e20180009306/Bureau/MasterImagina/IMAGINA_S3/Informatique_graphique/TP3/TP3_lissage/build/CMakeFiles/CMakeTmp »


Determining if the function pthread_create exists in the pthread passed with the following output:
Change Dir: /home/e20180009306/Bureau/MasterImagina/IMAGINA_S3/Informatique_graphique/TP3/TP3_lissage/build/CMakeFiles/CMakeTmp

Run Build Command:"/usr/bin/make" "cmTC_810ef/fast"
/usr/bin/make -f CMakeFiles/cmTC_810ef.dir/build.make CMakeFiles/cmTC_810ef.dir/build
make[1] : on entre dans le répertoire « /home/e20180009306/Bureau/MasterImagina/IMAGINA_S3/Informatique_graphique/TP3/TP3_lissage/build/CMakeFiles/CMakeTmp »
Building C object CMakeFiles/cmTC_810ef.dir/CheckFunctionExists.c.o
/usr/bin/cc   -DCHECK_FUNCTION_EXISTS=pthread_create   -o CMakeFiles/cmTC_810ef.dir/CheckFunctionExists.c.o   -c /usr/share/cmake-3.10/Modules/CheckFunctionExists.c
Linking C executable cmTC_810ef
/usr/bin/cmake -E cmake_link_script CMakeFiles/cmTC_810ef.dir/link.txt --verbose=1
/usr/bin/cc  -DCHECK_FUNCTION_EXISTS=pthread_create    -rdynamic CMakeFiles/cmTC_810ef.dir/CheckFunctionExists.c.o  -o cmTC_810ef -lpthread 
make[1] : on quitte le répertoire « /home/e20180009306/Bureau/MasterImagina/IMAGINA_S3/Informatique_graphique/TP3/TP3_lissage/build/CMakeFiles/CMakeTmp »


Determining if the function XOpenDisplay exists in the /usr/lib/x86_64-linux-gnu/libX11.so;/usr/lib/x86_64-linux-gnu/libXext.so passed with the following output:
Change Dir: /home/e20180009306/Bureau/MasterImagina/IMAGINA_S3/Informatique_graphique/TP3/TP3_lissage/build/CMakeFiles/CMakeTmp

Run Build Command:"/usr/bin/make" "cmTC_0d7ba/fast"
/usr/bin/make -f CMakeFiles/cmTC_0d7ba.dir/build.make CMakeFiles/cmTC_0d7ba.dir/build
make[1] : on entre dans le répertoire « /home/e20180009306/Bureau/MasterImagina/IMAGINA_S3/Informatique_graphique/TP3/TP3_lissage/build/CMakeFiles/CMakeTmp »
Building C object CMakeFiles/cmTC_0d7ba.dir/CheckFunctionExists.c.o
/usr/bin/cc   -DCHECK_FUNCTION_EXISTS=XOpenDisplay   -o CMakeFiles/cmTC_0d7ba.dir/CheckFunctionExists.c.o   -c /usr/share/cmake-3.10/Modules/CheckFunctionExists.c
Linking C executable cmTC_0d7ba
/usr/bin/cmake -E cmake_link_script CMakeFiles/cmTC_0d7ba.dir/link.txt --verbose=1
/usr/bin/cc  -DCHECK_FUNCTION_EXISTS=XOpenDisplay    -rdynamic CMakeFiles/cmTC_0d7ba.dir/CheckFunctionExists.c.o  -o cmTC_0d7ba /usr/lib/x86_64-linux-gnu/libX11.so /usr/lib/x86_64-linux-gnu/libXext.so 
make[1] : on quitte le répertoire « /home/e20180009306/Bureau/MasterImagina/IMAGINA_S3/Informatique_graphique/TP3/TP3_lissage/build/CMakeFiles/CMakeTmp »


Determining if the function gethostbyname exists passed with the following output:
Change Dir: /home/e20180009306/Bureau/MasterImagina/IMAGINA_S3/Informatique_graphique/TP3/TP3_lissage/build/CMakeFiles/CMakeTmp

Run Build Command:"/usr/bin/make" "cmTC_f6d8a/fast"
/usr/bin/make -f CMakeFiles/cmTC_f6d8a.dir/build.make CMakeFiles/cmTC_f6d8a.dir/build
make[1] : on entre dans le répertoire « /home/e20180009306/Bureau/MasterImagina/IMAGINA_S3/Informatique_graphique/TP3/TP3_lissage/build/CMakeFiles/CMakeTmp »
Building C object CMakeFiles/cmTC_f6d8a.dir/CheckFunctionExists.c.o
/usr/bin/cc   -DCHECK_FUNCTION_EXISTS=gethostbyname   -o CMakeFiles/cmTC_f6d8a.dir/CheckFunctionExists.c.o   -c /usr/share/cmake-3.10/Modules/CheckFunctionExists.c
Linking C executable cmTC_f6d8a
/usr/bin/cmake -E cmake_link_script CMakeFiles/cmTC_f6d8a.dir/link.txt --verbose=1
/usr/bin/cc  -DCHECK_FUNCTION_EXISTS=gethostbyname    -rdynamic CMakeFiles/cmTC_f6d8a.dir/CheckFunctionExists.c.o  -o cmTC_f6d8a 
make[1] : on quitte le répertoire « /home/e20180009306/Bureau/MasterImagina/IMAGINA_S3/Informatique_graphique/TP3/TP3_lissage/build/CMakeFiles/CMakeTmp »


Determining if the function connect exists passed with the following output:
Change Dir: /home/e20180009306/Bureau/MasterImagina/IMAGINA_S3/Informatique_graphique/TP3/TP3_lissage/build/CMakeFiles/CMakeTmp

Run Build Command:"/usr/bin/make" "cmTC_aae2a/fast"
/usr/bin/make -f CMakeFiles/cmTC_aae2a.dir/build.make CMakeFiles/cmTC_aae2a.dir/build
make[1] : on entre dans le répertoire « /home/e20180009306/Bureau/MasterImagina/IMAGINA_S3/Informatique_graphique/TP3/TP3_lissage/build/CMakeFiles/CMakeTmp »
Building C object CMakeFiles/cmTC_aae2a.dir/CheckFunctionExists.c.o
/usr/bin/cc   -DCHECK_FUNCTION_EXISTS=connect   -o CMakeFiles/cmTC_aae2a.dir/CheckFunctionExists.c.o   -c /usr/share/cmake-3.10/Modules/CheckFunctionExists.c
Linking C executable cmTC_aae2a
/usr/bin/cmake -E cmake_link_script CMakeFiles/cmTC_aae2a.dir/link.txt --verbose=1
/usr/bin/cc  -DCHECK_FUNCTION_EXISTS=connect    -rdynamic CMakeFiles/cmTC_aae2a.dir/CheckFunctionExists.c.o  -o cmTC_aae2a 
make[1] : on quitte le répertoire « /home/e20180009306/Bureau/MasterImagina/IMAGINA_S3/Informatique_graphique/TP3/TP3_lissage/build/CMakeFiles/CMakeTmp »


Determining if the function remove exists passed with the following output:
Change Dir: /home/e20180009306/Bureau/MasterImagina/IMAGINA_S3/Informatique_graphique/TP3/TP3_lissage/build/CMakeFiles/CMakeTmp

Run Build Command:"/usr/bin/make" "cmTC_76e39/fast"
/usr/bin/make -f CMakeFiles/cmTC_76e39.dir/build.make CMakeFiles/cmTC_76e39.dir/build
make[1] : on entre dans le répertoire « /home/e20180009306/Bureau/MasterImagina/IMAGINA_S3/Informatique_graphique/TP3/TP3_lissage/build/CMakeFiles/CMakeTmp »
Building C object CMakeFiles/cmTC_76e39.dir/CheckFunctionExists.c.o
/usr/bin/cc   -DCHECK_FUNCTION_EXISTS=remove   -o CMakeFiles/cmTC_76e39.dir/CheckFunctionExists.c.o   -c /usr/share/cmake-3.10/Modules/CheckFunctionExists.c
Linking C executable cmTC_76e39
/usr/bin/cmake -E cmake_link_script CMakeFiles/cmTC_76e39.dir/link.txt --verbose=1
/usr/bin/cc  -DCHECK_FUNCTION_EXISTS=remove    -rdynamic CMakeFiles/cmTC_76e39.dir/CheckFunctionExists.c.o  -o cmTC_76e39 
make[1] : on quitte le répertoire « /home/e20180009306/Bureau/MasterImagina/IMAGINA_S3/Informatique_graphique/TP3/TP3_lissage/build/CMakeFiles/CMakeTmp »


Determining if the function shmat exists passed with the following output:
Change Dir: /home/e20180009306/Bureau/MasterImagina/IMAGINA_S3/Informatique_graphique/TP3/TP3_lissage/build/CMakeFiles/CMakeTmp

Run Build Command:"/usr/bin/make" "cmTC_345fd/fast"
/usr/bin/make -f CMakeFiles/cmTC_345fd.dir/build.make CMakeFiles/cmTC_345fd.dir/build
make[1] : on entre dans le répertoire « /home/e20180009306/Bureau/MasterImagina/IMAGINA_S3/Informatique_graphique/TP3/TP3_lissage/build/CMakeFiles/CMakeTmp »
Building C object CMakeFiles/cmTC_345fd.dir/CheckFunctionExists.c.o
/usr/bin/cc   -DCHECK_FUNCTION_EXISTS=shmat   -o CMakeFiles/cmTC_345fd.dir/CheckFunctionExists.c.o   -c /usr/share/cmake-3.10/Modules/CheckFunctionExists.c
Linking C executable cmTC_345fd
/usr/bin/cmake -E cmake_link_script CMakeFiles/cmTC_345fd.dir/link.txt --verbose=1
/usr/bin/cc  -DCHECK_FUNCTION_EXISTS=shmat    -rdynamic CMakeFiles/cmTC_345fd.dir/CheckFunctionExists.c.o  -o cmTC_345fd 
make[1] : on quitte le répertoire « /home/e20180009306/Bureau/MasterImagina/IMAGINA_S3/Informatique_graphique/TP3/TP3_lissage/build/CMakeFiles/CMakeTmp »


Determining if the function IceConnectionNumber exists in the ICE passed with the following output:
Change Dir: /home/e20180009306/Bureau/MasterImagina/IMAGINA_S3/Informatique_graphique/TP3/TP3_lissage/build/CMakeFiles/CMakeTmp

Run Build Command:"/usr/bin/make" "cmTC_05866/fast"
/usr/bin/make -f CMakeFiles/cmTC_05866.dir/build.make CMakeFiles/cmTC_05866.dir/build
make[1] : on entre dans le répertoire « /home/e20180009306/Bureau/MasterImagina/IMAGINA_S3/Informatique_graphique/TP3/TP3_lissage/build/CMakeFiles/CMakeTmp »
Building C object CMakeFiles/cmTC_05866.dir/CheckFunctionExists.c.o
/usr/bin/cc   -DCHECK_FUNCTION_EXISTS=IceConnectionNumber   -o CMakeFiles/cmTC_05866.dir/CheckFunctionExists.c.o   -c /usr/share/cmake-3.10/Modules/CheckFunctionExists.c
Linking C executable cmTC_05866
/usr/bin/cmake -E cmake_link_script CMakeFiles/cmTC_05866.dir/link.txt --verbose=1
/usr/bin/cc  -DCHECK_FUNCTION_EXISTS=IceConnectionNumber    -rdynamic CMakeFiles/cmTC_05866.dir/CheckFunctionExists.c.o  -o cmTC_05866 -lICE 
make[1] : on quitte le répertoire « /home/e20180009306/Bureau/MasterImagina/IMAGINA_S3/Informatique_graphique/TP3/TP3_lissage/build/CMakeFiles/CMakeTmp »


Determining if the include file sys/types.h exists passed with the following output:
Change Dir: /home/e20180009306/Bureau/MasterImagina/IMAGINA_S3/Informatique_graphique/TP3/TP3_lissage/build/CMakeFiles/CMakeTmp

Run Build Command:"/usr/bin/make" "cmTC_70825/fast"
/usr/bin/make -f CMakeFiles/cmTC_70825.dir/build.make CMakeFiles/cmTC_70825.dir/build
make[1] : on entre dans le répertoire « /home/e20180009306/Bureau/MasterImagina/IMAGINA_S3/Informatique_graphique/TP3/TP3_lissage/build/CMakeFiles/CMakeTmp »
Building C object CMakeFiles/cmTC_70825.dir/CheckIncludeFile.c.o
/usr/bin/cc    -o CMakeFiles/cmTC_70825.dir/CheckIncludeFile.c.o   -c /home/e20180009306/Bureau/MasterImagina/IMAGINA_S3/Informatique_graphique/TP3/TP3_lissage/build/CMakeFiles/CMakeTmp/CheckIncludeFile.c
Linking C executable cmTC_70825
/usr/bin/cmake -E cmake_link_script CMakeFiles/cmTC_70825.dir/link.txt --verbose=1
/usr/bin/cc      -rdynamic CMakeFiles/cmTC_70825.dir/CheckIncludeFile.c.o  -o cmTC_70825 
make[1] : on quitte le répertoire « /home/e20180009306/Bureau/MasterImagina/IMAGINA_S3/Informatique_graphique/TP3/TP3_lissage/build/CMakeFiles/CMakeTmp »


Determining if the include file stdint.h exists passed with the following output:
Change Dir: /home/e20180009306/Bureau/MasterImagina/IMAGINA_S3/Informatique_graphique/TP3/TP3_lissage/build/CMakeFiles/CMakeTmp

Run Build Command:"/usr/bin/make" "cmTC_9c809/fast"
/usr/bin/make -f CMakeFiles/cmTC_9c809.dir/build.make CMakeFiles/cmTC_9c809.dir/build
make[1] : on entre dans le répertoire « /home/e20180009306/Bureau/MasterImagina/IMAGINA_S3/Informatique_graphique/TP3/TP3_lissage/build/CMakeFiles/CMakeTmp »
Building C object CMakeFiles/cmTC_9c809.dir/CheckIncludeFile.c.o
/usr/bin/cc    -o CMakeFiles/cmTC_9c809.dir/CheckIncludeFile.c.o   -c /home/e20180009306/Bureau/MasterImagina/IMAGINA_S3/Informatique_graphique/TP3/TP3_lissage/build/CMakeFiles/CMakeTmp/CheckIncludeFile.c
Linking C executable cmTC_9c809
/usr/bin/cmake -E cmake_link_script CMakeFiles/cmTC_9c809.dir/link.txt --verbose=1
/usr/bin/cc      -rdynamic CMakeFiles/cmTC_9c809.dir/CheckIncludeFile.c.o  -o cmTC_9c809 
make[1] : on quitte le répertoire « /home/e20180009306/Bureau/MasterImagina/IMAGINA_S3/Informatique_graphique/TP3/TP3_lissage/build/CMakeFiles/CMakeTmp »


Determining if the include file stddef.h exists passed with the following output:
Change Dir: /home/e20180009306/Bureau/MasterImagina/IMAGINA_S3/Informatique_graphique/TP3/TP3_lissage/build/CMakeFiles/CMakeTmp

Run Build Command:"/usr/bin/make" "cmTC_e714a/fast"
/usr/bin/make -f CMakeFiles/cmTC_e714a.dir/build.make CMakeFiles/cmTC_e714a.dir/build
make[1] : on entre dans le répertoire « /home/e20180009306/Bureau/MasterImagina/IMAGINA_S3/Informatique_graphique/TP3/TP3_lissage/build/CMakeFiles/CMakeTmp »
Building C object CMakeFiles/cmTC_e714a.dir/CheckIncludeFile.c.o
/usr/bin/cc    -o CMakeFiles/cmTC_e714a.dir/CheckIncludeFile.c.o   -c /home/e20180009306/Bureau/MasterImagina/IMAGINA_S3/Informatique_graphique/TP3/TP3_lissage/build/CMakeFiles/CMakeTmp/CheckIncludeFile.c
Linking C executable cmTC_e714a
/usr/bin/cmake -E cmake_link_script CMakeFiles/cmTC_e714a.dir/link.txt --verbose=1
/usr/bin/cc      -rdynamic CMakeFiles/cmTC_e714a.dir/CheckIncludeFile.c.o  -o cmTC_e714a 
make[1] : on quitte le répertoire « /home/e20180009306/Bureau/MasterImagina/IMAGINA_S3/Informatique_graphique/TP3/TP3_lissage/build/CMakeFiles/CMakeTmp »


Determining size of off64_t passed with the following output:
Change Dir: /home/e20180009306/Bureau/MasterImagina/IMAGINA_S3/Informatique_graphique/TP3/TP3_lissage/build/CMakeFiles/CMakeTmp

Run Build Command:"/usr/bin/make" "cmTC_2328e/fast"
/usr/bin/make -f CMakeFiles/cmTC_2328e.dir/build.make CMakeFiles/cmTC_2328e.dir/build
make[1] : on entre dans le répertoire « /home/e20180009306/Bureau/MasterImagina/IMAGINA_S3/Informatique_graphique/TP3/TP3_lissage/build/CMakeFiles/CMakeTmp »
Building C object CMakeFiles/cmTC_2328e.dir/OFF64_T.c.o
/usr/bin/cc -DHAVE_STDDEF_H -DHAVE_STDINT_H -DHAVE_SYS_TYPES_H -D_LARGEFILE64_SOURCE=1   -o CMakeFiles/cmTC_2328e.dir/OFF64_T.c.o   -c /home/e20180009306/Bureau/MasterImagina/IMAGINA_S3/Informatique_graphique/TP3/TP3_lissage/build/CMakeFiles/CheckTypeSize/OFF64_T.c
Linking C executable cmTC_2328e
/usr/bin/cmake -E cmake_link_script CMakeFiles/cmTC_2328e.dir/link.txt --verbose=1
/usr/bin/cc      -rdynamic CMakeFiles/cmTC_2328e.dir/OFF64_T.c.o  -o cmTC_2328e 
make[1] : on quitte le répertoire « /home/e20180009306/Bureau/MasterImagina/IMAGINA_S3/Informatique_graphique/TP3/TP3_lissage/build/CMakeFiles/CMakeTmp »


Determining if the function fseeko exists passed with the following output:
Change Dir: /home/e20180009306/Bureau/MasterImagina/IMAGINA_S3/Informatique_graphique/TP3/TP3_lissage/build/CMakeFiles/CMakeTmp

Run Build Command:"/usr/bin/make" "cmTC_be5b9/fast"
/usr/bin/make -f CMakeFiles/cmTC_be5b9.dir/build.make CMakeFiles/cmTC_be5b9.dir/build
make[1] : on entre dans le répertoire « /home/e20180009306/Bureau/MasterImagina/IMAGINA_S3/Informatique_graphique/TP3/TP3_lissage/build/CMakeFiles/CMakeTmp »
Building C object CMakeFiles/cmTC_be5b9.dir/CheckFunctionExists.c.o
/usr/bin/cc   -DCHECK_FUNCTION_EXISTS=fseeko   -o CMakeFiles/cmTC_be5b9.dir/CheckFunctionExists.c.o   -c /usr/share/cmake-3.10/Modules/CheckFunctionExists.c
Linking C executable cmTC_be5b9
/usr/bin/cmake -E cmake_link_script CMakeFiles/cmTC_be5b9.dir/link.txt --verbose=1
/usr/bin/cc  -DCHECK_FUNCTION_EXISTS=fseeko    -rdynamic CMakeFiles/cmTC_be5b9.dir/CheckFunctionExists.c.o  -o cmTC_be5b9 
make[1] : on quitte le répertoire « /home/e20180009306/Bureau/MasterImagina/IMAGINA_S3/Informatique_graphique/TP3/TP3_lissage/build/CMakeFiles/CMakeTmp »


Determining if the include file unistd.h exists passed with the following output:
Change Dir: /home/e20180009306/Bureau/MasterImagina/IMAGINA_S3/Informatique_graphique/TP3/TP3_lissage/build/CMakeFiles/CMakeTmp

Run Build Command:"/usr/bin/make" "cmTC_772d1/fast"
/usr/bin/make -f CMakeFiles/cmTC_772d1.dir/build.make CMakeFiles/cmTC_772d1.dir/build
make[1] : on entre dans le répertoire « /home/e20180009306/Bureau/MasterImagina/IMAGINA_S3/Informatique_graphique/TP3/TP3_lissage/build/CMakeFiles/CMakeTmp »
Building C object CMakeFiles/cmTC_772d1.dir/CheckIncludeFile.c.o
/usr/bin/cc    -o CMakeFiles/cmTC_772d1.dir/CheckIncludeFile.c.o   -c /home/e20180009306/Bureau/MasterImagina/IMAGINA_S3/Informatique_graphique/TP3/TP3_lissage/build/CMakeFiles/CMakeTmp/CheckIncludeFile.c
Linking C executable cmTC_772d1
/usr/bin/cmake -E cmake_link_script CMakeFiles/cmTC_772d1.dir/link.txt --verbose=1
/usr/bin/cc      -rdynamic CMakeFiles/cmTC_772d1.dir/CheckIncludeFile.c.o  -o cmTC_772d1 
make[1] : on quitte le répertoire « /home/e20180009306/Bureau/MasterImagina/IMAGINA_S3/Informatique_graphique/TP3/TP3_lissage/build/CMakeFiles/CMakeTmp »


