Determining if the pthread_create exist failed with the following output:
Change Dir: /home/e20180009306/Bureau/MasterImagina/IMAGINA_S3/Informatique_graphique/TP3/TP3_lissage/build/CMakeFiles/CMakeTmp

Run Build Command:"/usr/bin/make" "cmTC_d95d5/fast"
/usr/bin/make -f CMakeFiles/cmTC_d95d5.dir/build.make CMakeFiles/cmTC_d95d5.dir/build
make[1] : on entre dans le répertoire « /home/e20180009306/Bureau/MasterImagina/IMAGINA_S3/Informatique_graphique/TP3/TP3_lissage/build/CMakeFiles/CMakeTmp »
Building C object CMakeFiles/cmTC_d95d5.dir/CheckSymbolExists.c.o
/usr/bin/cc    -o CMakeFiles/cmTC_d95d5.dir/CheckSymbolExists.c.o   -c /home/e20180009306/Bureau/MasterImagina/IMAGINA_S3/Informatique_graphique/TP3/TP3_lissage/build/CMakeFiles/CMakeTmp/CheckSymbolExists.c
Linking C executable cmTC_d95d5
/usr/bin/cmake -E cmake_link_script CMakeFiles/cmTC_d95d5.dir/link.txt --verbose=1
/usr/bin/cc      -rdynamic CMakeFiles/cmTC_d95d5.dir/CheckSymbolExists.c.o  -o cmTC_d95d5 
CMakeFiles/cmTC_d95d5.dir/CheckSymbolExists.c.o : Dans la fonction « main » :
CheckSymbolExists.c:(.text+0x1b) : référence indéfinie vers « pthread_create »
collect2: error: ld returned 1 exit status
CMakeFiles/cmTC_d95d5.dir/build.make:97: recipe for target 'cmTC_d95d5' failed
make[1]: *** [cmTC_d95d5] Error 1
make[1] : on quitte le répertoire « /home/e20180009306/Bureau/MasterImagina/IMAGINA_S3/Informatique_graphique/TP3/TP3_lissage/build/CMakeFiles/CMakeTmp »
Makefile:126: recipe for target 'cmTC_d95d5/fast' failed
make: *** [cmTC_d95d5/fast] Error 2

File /home/e20180009306/Bureau/MasterImagina/IMAGINA_S3/Informatique_graphique/TP3/TP3_lissage/build/CMakeFiles/CMakeTmp/CheckSymbolExists.c:
/* */
#include <pthread.h>

int main(int argc, char** argv)
{
  (void)argv;
#ifndef pthread_create
  return ((int*)(&pthread_create))[argc];
#else
  (void)argc;
  return 0;
#endif
}

Determining if the function pthread_create exists in the pthreads failed with the following output:
Change Dir: /home/e20180009306/Bureau/MasterImagina/IMAGINA_S3/Informatique_graphique/TP3/TP3_lissage/build/CMakeFiles/CMakeTmp

Run Build Command:"/usr/bin/make" "cmTC_59836/fast"
/usr/bin/make -f CMakeFiles/cmTC_59836.dir/build.make CMakeFiles/cmTC_59836.dir/build
make[1] : on entre dans le répertoire « /home/e20180009306/Bureau/MasterImagina/IMAGINA_S3/Informatique_graphique/TP3/TP3_lissage/build/CMakeFiles/CMakeTmp »
Building C object CMakeFiles/cmTC_59836.dir/CheckFunctionExists.c.o
/usr/bin/cc   -DCHECK_FUNCTION_EXISTS=pthread_create   -o CMakeFiles/cmTC_59836.dir/CheckFunctionExists.c.o   -c /usr/share/cmake-3.10/Modules/CheckFunctionExists.c
Linking C executable cmTC_59836
/usr/bin/cmake -E cmake_link_script CMakeFiles/cmTC_59836.dir/link.txt --verbose=1
/usr/bin/cc  -DCHECK_FUNCTION_EXISTS=pthread_create    -rdynamic CMakeFiles/cmTC_59836.dir/CheckFunctionExists.c.o  -o cmTC_59836 -lpthreads 
/usr/bin/x86_64-linux-gnu-ld : ne peut trouver -lpthreads
collect2: error: ld returned 1 exit status
CMakeFiles/cmTC_59836.dir/build.make:97: recipe for target 'cmTC_59836' failed
make[1]: *** [cmTC_59836] Error 1
make[1] : on quitte le répertoire « /home/e20180009306/Bureau/MasterImagina/IMAGINA_S3/Informatique_graphique/TP3/TP3_lissage/build/CMakeFiles/CMakeTmp »
Makefile:126: recipe for target 'cmTC_59836/fast' failed
make: *** [cmTC_59836/fast] Error 2


